{"/home/bruno/LDSO/test/backend/index.js":{"path":"/home/bruno/LDSO/test/backend/index.js","s":{"1":1,"2":1,"3":1,"4":1},"b":{},"f":{},"fnMap":{},"statementMap":{"1":{"start":{"line":1,"column":0},"end":{"line":1,"column":30}},"2":{"start":{"line":4,"column":0},"end":{"line":4,"column":27}},"3":{"start":{"line":6,"column":0},"end":{"line":6,"column":19}},"4":{"start":{"line":7,"column":0},"end":{"line":7,"column":23}}},"branchMap":{}},"/home/bruno/LDSO/test/backend/users.js":{"path":"/home/bruno/LDSO/test/backend/users.js","s":{"1":1,"2":1,"3":1,"4":1,"5":1,"6":1,"7":1,"8":1,"9":1,"10":1,"11":1,"12":1,"13":0,"14":0,"15":1,"16":1,"17":0,"18":0,"19":0,"20":0,"21":1,"22":0,"23":0,"24":0,"25":0,"26":1,"27":1,"28":0,"29":0,"30":0,"31":0,"32":1,"33":0,"34":0,"35":0,"36":0,"37":1,"38":0,"39":0,"40":0,"41":0,"42":1,"43":1,"44":0,"45":0,"46":0,"47":1,"48":0,"49":0},"b":{},"f":{"1":0},"fnMap":{"1":{"name":"(anonymous_1)","line":139,"loc":{"start":{"line":139,"column":7},"end":{"line":139,"column":22}}}},"statementMap":{"1":{"start":{"line":1,"column":0},"end":{"line":1,"column":30}},"2":{"start":{"line":3,"column":0},"end":{"line":3,"column":35}},"3":{"start":{"line":4,"column":0},"end":{"line":4,"column":31}},"4":{"start":{"line":6,"column":0},"end":{"line":6,"column":27}},"5":{"start":{"line":7,"column":0},"end":{"line":7,"column":36}},"6":{"start":{"line":8,"column":0},"end":{"line":8,"column":31}},"7":{"start":{"line":9,"column":0},"end":{"line":9,"column":27}},"8":{"start":{"line":10,"column":0},"end":{"line":10,"column":33}},"9":{"start":{"line":13,"column":0},"end":{"line":13,"column":41}},"10":{"start":{"line":15,"column":0},"end":{"line":15,"column":19}},"11":{"start":{"line":17,"column":0},"end":{"line":144,"column":3}},"12":{"start":{"line":18,"column":1},"end":{"line":26,"column":4}},"13":{"start":{"line":19,"column":2},"end":{"line":25,"column":5}},"14":{"start":{"line":24,"column":3},"end":{"line":24,"column":10}},"15":{"start":{"line":31,"column":1},"end":{"line":75,"column":4}},"16":{"start":{"line":32,"column":2},"end":{"line":45,"column":5}},"17":{"start":{"line":33,"column":3},"end":{"line":37,"column":5}},"18":{"start":{"line":38,"column":3},"end":{"line":44,"column":7}},"19":{"start":{"line":42,"column":5},"end":{"line":42,"column":33}},"20":{"start":{"line":43,"column":5},"end":{"line":43,"column":12}},"21":{"start":{"line":46,"column":2},"end":{"line":59,"column":5}},"22":{"start":{"line":47,"column":3},"end":{"line":51,"column":5}},"23":{"start":{"line":52,"column":3},"end":{"line":58,"column":7}},"24":{"start":{"line":56,"column":5},"end":{"line":56,"column":33}},"25":{"start":{"line":57,"column":5},"end":{"line":57,"column":12}},"26":{"start":{"line":80,"column":1},"end":{"line":122,"column":4}},"27":{"start":{"line":81,"column":2},"end":{"line":93,"column":5}},"28":{"start":{"line":82,"column":3},"end":{"line":85,"column":5}},"29":{"start":{"line":86,"column":3},"end":{"line":92,"column":7}},"30":{"start":{"line":90,"column":5},"end":{"line":90,"column":33}},"31":{"start":{"line":91,"column":5},"end":{"line":91,"column":12}},"32":{"start":{"line":95,"column":2},"end":{"line":107,"column":5}},"33":{"start":{"line":96,"column":3},"end":{"line":99,"column":5}},"34":{"start":{"line":100,"column":3},"end":{"line":106,"column":7}},"35":{"start":{"line":104,"column":5},"end":{"line":104,"column":33}},"36":{"start":{"line":105,"column":5},"end":{"line":105,"column":12}},"37":{"start":{"line":109,"column":2},"end":{"line":121,"column":5}},"38":{"start":{"line":110,"column":3},"end":{"line":113,"column":5}},"39":{"start":{"line":114,"column":3},"end":{"line":120,"column":7}},"40":{"start":{"line":118,"column":5},"end":{"line":118,"column":33}},"41":{"start":{"line":119,"column":5},"end":{"line":119,"column":12}},"42":{"start":{"line":127,"column":1},"end":{"line":136,"column":4}},"43":{"start":{"line":128,"column":2},"end":{"line":135,"column":5}},"44":{"start":{"line":129,"column":3},"end":{"line":134,"column":7}},"45":{"start":{"line":132,"column":5},"end":{"line":132,"column":33}},"46":{"start":{"line":133,"column":5},"end":{"line":133,"column":12}},"47":{"start":{"line":139,"column":1},"end":{"line":142,"column":4}},"48":{"start":{"line":140,"column":2},"end":{"line":140,"column":24}},"49":{"start":{"line":141,"column":2},"end":{"line":141,"column":9}}},"branchMap":{}},"/home/bruno/LDSO/test/backend/utils.js":{"path":"/home/bruno/LDSO/test/backend/utils.js","s":{"1":1,"2":1,"3":1,"4":1,"5":1,"6":0,"7":1,"8":0,"9":0,"10":0,"11":0,"12":0,"13":1,"14":0,"15":0,"16":0,"17":0,"18":0,"19":1,"20":0,"21":0,"22":1,"23":0,"24":0},"b":{"1":[0,0]},"f":{"1":0,"2":0,"3":0,"4":0,"5":0,"6":0,"7":0,"8":0},"fnMap":{"1":{"name":"(anonymous_1)","line":6,"loc":{"start":{"line":6,"column":24},"end":{"line":7,"column":0}}},"2":{"name":"(anonymous_2)","line":11,"loc":{"start":{"line":11,"column":20},"end":{"line":12,"column":0}}},"3":{"name":"(anonymous_3)","line":28,"loc":{"start":{"line":28,"column":20},"end":{"line":29,"column":0}}},"4":{"name":"(anonymous_4)","line":35,"loc":{"start":{"line":35,"column":8},"end":{"line":36,"column":2}}},"5":{"name":"(anonymous_5)","line":48,"loc":{"start":{"line":48,"column":21},"end":{"line":49,"column":0}}},"6":{"name":"(anonymous_6)","line":53,"loc":{"start":{"line":53,"column":7},"end":{"line":54,"column":2}}},"7":{"name":"(anonymous_7)","line":60,"loc":{"start":{"line":60,"column":25},"end":{"line":61,"column":0}}},"8":{"name":"(anonymous_8)","line":65,"loc":{"start":{"line":65,"column":13},"end":{"line":66,"column":8}}}},"statementMap":{"1":{"start":{"line":1,"column":0},"end":{"line":1,"column":35}},"2":{"start":{"line":2,"column":0},"end":{"line":2,"column":31}},"3":{"start":{"line":3,"column":0},"end":{"line":3,"column":41}},"4":{"start":{"line":4,"column":0},"end":{"line":4,"column":29}},"5":{"start":{"line":6,"column":0},"end":{"line":9,"column":2}},"6":{"start":{"line":8,"column":1},"end":{"line":8,"column":39}},"7":{"start":{"line":11,"column":0},"end":{"line":26,"column":2}},"8":{"start":{"line":13,"column":1},"end":{"line":16,"column":3}},"9":{"start":{"line":17,"column":1},"end":{"line":17,"column":34}},"10":{"start":{"line":18,"column":1},"end":{"line":24,"column":5}},"11":{"start":{"line":22,"column":3},"end":{"line":22,"column":31}},"12":{"start":{"line":23,"column":4},"end":{"line":23,"column":14}},"13":{"start":{"line":28,"column":0},"end":{"line":46,"column":2}},"14":{"start":{"line":31,"column":1},"end":{"line":31,"column":40}},"15":{"start":{"line":32,"column":1},"end":{"line":45,"column":5}},"16":{"start":{"line":37,"column":3},"end":{"line":44,"column":4}},"17":{"start":{"line":39,"column":4},"end":{"line":39,"column":26}},"18":{"start":{"line":43,"column":4},"end":{"line":43,"column":50}},"19":{"start":{"line":48,"column":0},"end":{"line":57,"column":2}},"20":{"start":{"line":50,"column":1},"end":{"line":56,"column":5}},"21":{"start":{"line":55,"column":3},"end":{"line":55,"column":22}},"22":{"start":{"line":60,"column":0},"end":{"line":69,"column":2}},"23":{"start":{"line":62,"column":4},"end":{"line":68,"column":11}},"24":{"start":{"line":67,"column":12},"end":{"line":67,"column":31}}},"branchMap":{"1":{"line":37,"type":"if","locations":[{"start":{"line":37,"column":3},"end":{"line":37,"column":3}},{"start":{"line":37,"column":3},"end":{"line":37,"column":3}}]}}},"/home/bruno/LDSO/test/backend/campaigns.js":{"path":"/home/bruno/LDSO/test/backend/campaigns.js","s":{"1":1,"2":1,"3":1,"4":1,"5":1,"6":1,"7":1,"8":1,"9":1,"10":1,"11":1,"12":1,"13":0,"14":0,"15":0,"16":0,"17":0,"18":0,"19":0,"20":1,"21":1,"22":0,"23":0,"24":0,"25":0,"26":0,"27":0,"28":1,"29":1,"30":0,"31":0,"32":0,"33":0,"34":0,"35":0,"36":0,"37":1,"38":0,"39":0,"40":0,"41":0,"42":0,"43":0,"44":0,"45":1,"46":1,"47":0,"48":0,"49":0,"50":0,"51":0,"52":1,"53":0,"54":0,"55":0,"56":0,"57":0,"58":0,"59":0,"60":1,"61":1,"62":0,"63":0,"64":0,"65":0,"66":0,"67":0,"68":1,"69":0,"70":0,"71":0,"72":0,"73":0,"74":0,"75":0,"76":0,"77":0,"78":1,"79":0,"80":0,"81":0,"82":0,"83":0,"84":0,"85":0,"86":0,"87":0,"88":1,"89":0,"90":0,"91":0,"92":0,"93":0,"94":0,"95":0,"96":0,"97":0,"98":1,"99":1,"100":0,"101":0,"102":0,"103":0,"104":1,"105":0,"106":0,"107":0,"108":0,"109":0,"110":0,"111":0,"112":1,"113":1,"114":0,"115":0,"116":0,"117":0,"118":1,"119":0,"120":0,"121":0,"122":0,"123":0,"124":0,"125":0,"126":0,"127":1,"128":0,"129":0,"130":0,"131":0,"132":0,"133":0,"134":0,"135":1,"136":0,"137":0,"138":0,"139":0,"140":0,"141":0,"142":0,"143":0,"144":1,"145":1,"146":0,"147":0,"148":0,"149":0,"150":1,"151":0,"152":0,"153":0,"154":0,"155":0,"156":0,"157":0,"158":1,"159":0,"160":0,"161":0,"162":0,"163":0,"164":0,"165":0,"166":1,"167":0,"168":0},"b":{"1":[0,0],"2":[0,0],"3":[0,0],"4":[0,0],"5":[0,0],"6":[0,0]},"f":{"1":0,"2":0,"3":0,"4":0,"5":0,"6":0,"7":0,"8":0,"9":0,"10":0,"11":0,"12":0},"fnMap":{"1":{"name":"(anonymous_1)","line":137,"loc":{"start":{"line":137,"column":46},"end":{"line":138,"column":3}}},"2":{"name":"(anonymous_2)","line":139,"loc":{"start":{"line":139,"column":43},"end":{"line":140,"column":4}}},"3":{"name":"(anonymous_3)","line":191,"loc":{"start":{"line":191,"column":46},"end":{"line":191,"column":68}}},"4":{"name":"(anonymous_4)","line":212,"loc":{"start":{"line":212,"column":46},"end":{"line":212,"column":68}}},"5":{"name":"(anonymous_5)","line":233,"loc":{"start":{"line":233,"column":46},"end":{"line":233,"column":68}}},"6":{"name":"(anonymous_6)","line":265,"loc":{"start":{"line":265,"column":46},"end":{"line":265,"column":68}}},"7":{"name":"(anonymous_7)","line":299,"loc":{"start":{"line":299,"column":55},"end":{"line":299,"column":77}}},"8":{"name":"(anonymous_8)","line":318,"loc":{"start":{"line":318,"column":55},"end":{"line":318,"column":77}}},"9":{"name":"(anonymous_9)","line":339,"loc":{"start":{"line":339,"column":55},"end":{"line":339,"column":77}}},"10":{"name":"(anonymous_10)","line":369,"loc":{"start":{"line":369,"column":55},"end":{"line":369,"column":77}}},"11":{"name":"(anonymous_11)","line":386,"loc":{"start":{"line":386,"column":55},"end":{"line":386,"column":77}}},"12":{"name":"(anonymous_12)","line":397,"loc":{"start":{"line":397,"column":7},"end":{"line":397,"column":21}}}},"statementMap":{"1":{"start":{"line":1,"column":0},"end":{"line":1,"column":30}},"2":{"start":{"line":3,"column":0},"end":{"line":3,"column":35}},"3":{"start":{"line":4,"column":0},"end":{"line":4,"column":31}},"4":{"start":{"line":6,"column":0},"end":{"line":6,"column":27}},"5":{"start":{"line":7,"column":0},"end":{"line":7,"column":36}},"6":{"start":{"line":8,"column":0},"end":{"line":8,"column":31}},"7":{"start":{"line":9,"column":0},"end":{"line":9,"column":33}},"8":{"start":{"line":11,"column":0},"end":{"line":11,"column":13}},"9":{"start":{"line":12,"column":0},"end":{"line":12,"column":21}},"10":{"start":{"line":13,"column":0},"end":{"line":13,"column":19}},"11":{"start":{"line":17,"column":0},"end":{"line":401,"column":3}},"12":{"start":{"line":18,"column":1},"end":{"line":48,"column":4}},"13":{"start":{"line":19,"column":2},"end":{"line":41,"column":5}},"14":{"start":{"line":24,"column":3},"end":{"line":24,"column":26}},"15":{"start":{"line":25,"column":3},"end":{"line":25,"column":23}},"16":{"start":{"line":27,"column":3},"end":{"line":40,"column":6}},"17":{"start":{"line":39,"column":4},"end":{"line":39,"column":36}},"18":{"start":{"line":42,"column":2},"end":{"line":46,"column":5}},"19":{"start":{"line":47,"column":2},"end":{"line":47,"column":9}},"20":{"start":{"line":50,"column":1},"end":{"line":76,"column":4}},"21":{"start":{"line":51,"column":8},"end":{"line":75,"column":11}},"22":{"start":{"line":52,"column":12},"end":{"line":52,"column":42}},"23":{"start":{"line":53,"column":12},"end":{"line":65,"column":14}},"24":{"start":{"line":66,"column":12},"end":{"line":66,"column":45}},"25":{"start":{"line":67,"column":16},"end":{"line":73,"column":23}},"26":{"start":{"line":71,"column":24},"end":{"line":71,"column":52}},"27":{"start":{"line":72,"column":24},"end":{"line":72,"column":31}},"28":{"start":{"line":79,"column":1},"end":{"line":109,"column":4}},"29":{"start":{"line":80,"column":2},"end":{"line":93,"column":5}},"30":{"start":{"line":81,"column":3},"end":{"line":81,"column":31}},"31":{"start":{"line":82,"column":3},"end":{"line":92,"column":7}},"32":{"start":{"line":86,"column":5},"end":{"line":88,"column":6}},"33":{"start":{"line":87,"column":6},"end":{"line":87,"column":16}},"34":{"start":{"line":89,"column":5},"end":{"line":89,"column":33}},"35":{"start":{"line":90,"column":5},"end":{"line":90,"column":52}},"36":{"start":{"line":91,"column":5},"end":{"line":91,"column":12}},"37":{"start":{"line":95,"column":2},"end":{"line":108,"column":5}},"38":{"start":{"line":96,"column":3},"end":{"line":96,"column":28}},"39":{"start":{"line":97,"column":3},"end":{"line":107,"column":7}},"40":{"start":{"line":101,"column":5},"end":{"line":103,"column":6}},"41":{"start":{"line":102,"column":6},"end":{"line":102,"column":16}},"42":{"start":{"line":104,"column":5},"end":{"line":104,"column":33}},"43":{"start":{"line":105,"column":5},"end":{"line":105,"column":52}},"44":{"start":{"line":106,"column":5},"end":{"line":106,"column":12}},"45":{"start":{"line":111,"column":1},"end":{"line":169,"column":4}},"46":{"start":{"line":112,"column":2},"end":{"line":125,"column":5}},"47":{"start":{"line":113,"column":3},"end":{"line":113,"column":58}},"48":{"start":{"line":114,"column":3},"end":{"line":117,"column":5}},"49":{"start":{"line":118,"column":3},"end":{"line":124,"column":7}},"50":{"start":{"line":122,"column":5},"end":{"line":122,"column":33}},"51":{"start":{"line":123,"column":5},"end":{"line":123,"column":12}},"52":{"start":{"line":127,"column":2},"end":{"line":146,"column":5}},"53":{"start":{"line":128,"column":3},"end":{"line":128,"column":56}},"54":{"start":{"line":129,"column":3},"end":{"line":132,"column":5}},"55":{"start":{"line":133,"column":3},"end":{"line":136,"column":5}},"56":{"start":{"line":137,"column":3},"end":{"line":144,"column":6}},"57":{"start":{"line":139,"column":4},"end":{"line":143,"column":7}},"58":{"start":{"line":141,"column":5},"end":{"line":141,"column":33}},"59":{"start":{"line":142,"column":5},"end":{"line":142,"column":12}},"60":{"start":{"line":171,"column":1},"end":{"line":246,"column":4}},"61":{"start":{"line":172,"column":2},"end":{"line":183,"column":5}},"62":{"start":{"line":173,"column":3},"end":{"line":182,"column":7}},"63":{"start":{"line":176,"column":5},"end":{"line":178,"column":6}},"64":{"start":{"line":177,"column":6},"end":{"line":177,"column":16}},"65":{"start":{"line":179,"column":5},"end":{"line":179,"column":33}},"66":{"start":{"line":180,"column":5},"end":{"line":180,"column":52}},"67":{"start":{"line":181,"column":5},"end":{"line":181,"column":12}},"68":{"start":{"line":185,"column":2},"end":{"line":204,"column":5}},"69":{"start":{"line":186,"column":3},"end":{"line":189,"column":5}},"70":{"start":{"line":190,"column":3},"end":{"line":190,"column":36}},"71":{"start":{"line":191,"column":3},"end":{"line":202,"column":6}},"72":{"start":{"line":192,"column":4},"end":{"line":201,"column":8}},"73":{"start":{"line":195,"column":6},"end":{"line":197,"column":7}},"74":{"start":{"line":196,"column":7},"end":{"line":196,"column":17}},"75":{"start":{"line":198,"column":6},"end":{"line":198,"column":34}},"76":{"start":{"line":199,"column":6},"end":{"line":199,"column":53}},"77":{"start":{"line":200,"column":6},"end":{"line":200,"column":13}},"78":{"start":{"line":206,"column":2},"end":{"line":225,"column":5}},"79":{"start":{"line":207,"column":3},"end":{"line":210,"column":5}},"80":{"start":{"line":211,"column":3},"end":{"line":211,"column":36}},"81":{"start":{"line":212,"column":3},"end":{"line":223,"column":6}},"82":{"start":{"line":213,"column":4},"end":{"line":222,"column":8}},"83":{"start":{"line":216,"column":6},"end":{"line":218,"column":7}},"84":{"start":{"line":217,"column":7},"end":{"line":217,"column":17}},"85":{"start":{"line":219,"column":6},"end":{"line":219,"column":34}},"86":{"start":{"line":220,"column":6},"end":{"line":220,"column":46}},"87":{"start":{"line":221,"column":6},"end":{"line":221,"column":13}},"88":{"start":{"line":227,"column":2},"end":{"line":245,"column":5}},"89":{"start":{"line":228,"column":3},"end":{"line":231,"column":5}},"90":{"start":{"line":232,"column":3},"end":{"line":232,"column":36}},"91":{"start":{"line":233,"column":3},"end":{"line":244,"column":6}},"92":{"start":{"line":234,"column":4},"end":{"line":243,"column":8}},"93":{"start":{"line":237,"column":6},"end":{"line":239,"column":7}},"94":{"start":{"line":238,"column":7},"end":{"line":238,"column":17}},"95":{"start":{"line":240,"column":6},"end":{"line":240,"column":34}},"96":{"start":{"line":241,"column":6},"end":{"line":241,"column":52}},"97":{"start":{"line":242,"column":6},"end":{"line":242,"column":13}},"98":{"start":{"line":248,"column":1},"end":{"line":274,"column":4}},"99":{"start":{"line":249,"column":2},"end":{"line":257,"column":5}},"100":{"start":{"line":250,"column":3},"end":{"line":250,"column":56}},"101":{"start":{"line":251,"column":3},"end":{"line":256,"column":7}},"102":{"start":{"line":254,"column":5},"end":{"line":254,"column":33}},"103":{"start":{"line":255,"column":5},"end":{"line":255,"column":12}},"104":{"start":{"line":258,"column":2},"end":{"line":273,"column":5}},"105":{"start":{"line":259,"column":3},"end":{"line":259,"column":56}},"106":{"start":{"line":260,"column":3},"end":{"line":263,"column":5}},"107":{"start":{"line":264,"column":3},"end":{"line":264,"column":36}},"108":{"start":{"line":265,"column":3},"end":{"line":272,"column":6}},"109":{"start":{"line":266,"column":4},"end":{"line":271,"column":8}},"110":{"start":{"line":269,"column":6},"end":{"line":269,"column":34}},"111":{"start":{"line":270,"column":6},"end":{"line":270,"column":13}},"112":{"start":{"line":277,"column":4},"end":{"line":348,"column":7}},"113":{"start":{"line":278,"column":8},"end":{"line":286,"column":11}},"114":{"start":{"line":279,"column":12},"end":{"line":279,"column":67}},"115":{"start":{"line":280,"column":12},"end":{"line":285,"column":19}},"116":{"start":{"line":283,"column":20},"end":{"line":283,"column":48}},"117":{"start":{"line":284,"column":20},"end":{"line":284,"column":27}},"118":{"start":{"line":288,"column":8},"end":{"line":308,"column":11}},"119":{"start":{"line":289,"column":12},"end":{"line":289,"column":67}},"120":{"start":{"line":290,"column":12},"end":{"line":293,"column":14}},"121":{"start":{"line":294,"column":12},"end":{"line":297,"column":5}},"122":{"start":{"line":298,"column":12},"end":{"line":298,"column":45}},"123":{"start":{"line":299,"column":12},"end":{"line":307,"column":15}},"124":{"start":{"line":300,"column":16},"end":{"line":306,"column":23}},"125":{"start":{"line":304,"column":24},"end":{"line":304,"column":52}},"126":{"start":{"line":305,"column":24},"end":{"line":305,"column":31}},"127":{"start":{"line":311,"column":8},"end":{"line":326,"column":11}},"128":{"start":{"line":312,"column":12},"end":{"line":312,"column":67}},"129":{"start":{"line":313,"column":12},"end":{"line":316,"column":14}},"130":{"start":{"line":317,"column":12},"end":{"line":317,"column":45}},"131":{"start":{"line":318,"column":12},"end":{"line":325,"column":15}},"132":{"start":{"line":319,"column":16},"end":{"line":324,"column":23}},"133":{"start":{"line":322,"column":24},"end":{"line":322,"column":52}},"134":{"start":{"line":323,"column":24},"end":{"line":323,"column":31}},"135":{"start":{"line":328,"column":8},"end":{"line":347,"column":11}},"136":{"start":{"line":329,"column":12},"end":{"line":329,"column":67}},"137":{"start":{"line":330,"column":12},"end":{"line":333,"column":14}},"138":{"start":{"line":334,"column":12},"end":{"line":337,"column":14}},"139":{"start":{"line":338,"column":12},"end":{"line":338,"column":45}},"140":{"start":{"line":339,"column":12},"end":{"line":346,"column":15}},"141":{"start":{"line":340,"column":16},"end":{"line":345,"column":23}},"142":{"start":{"line":343,"column":24},"end":{"line":343,"column":52}},"143":{"start":{"line":344,"column":24},"end":{"line":344,"column":31}},"144":{"start":{"line":351,"column":4},"end":{"line":395,"column":7}},"145":{"start":{"line":352,"column":8},"end":{"line":360,"column":11}},"146":{"start":{"line":353,"column":12},"end":{"line":353,"column":67}},"147":{"start":{"line":354,"column":12},"end":{"line":359,"column":19}},"148":{"start":{"line":357,"column":20},"end":{"line":357,"column":48}},"149":{"start":{"line":358,"column":20},"end":{"line":358,"column":27}},"150":{"start":{"line":362,"column":8},"end":{"line":377,"column":11}},"151":{"start":{"line":363,"column":12},"end":{"line":363,"column":67}},"152":{"start":{"line":364,"column":12},"end":{"line":367,"column":14}},"153":{"start":{"line":368,"column":12},"end":{"line":368,"column":45}},"154":{"start":{"line":369,"column":12},"end":{"line":376,"column":15}},"155":{"start":{"line":370,"column":16},"end":{"line":375,"column":23}},"156":{"start":{"line":373,"column":24},"end":{"line":373,"column":52}},"157":{"start":{"line":374,"column":24},"end":{"line":374,"column":31}},"158":{"start":{"line":379,"column":8},"end":{"line":394,"column":11}},"159":{"start":{"line":380,"column":12},"end":{"line":380,"column":59}},"160":{"start":{"line":381,"column":12},"end":{"line":384,"column":14}},"161":{"start":{"line":385,"column":12},"end":{"line":385,"column":45}},"162":{"start":{"line":386,"column":12},"end":{"line":393,"column":15}},"163":{"start":{"line":387,"column":16},"end":{"line":392,"column":23}},"164":{"start":{"line":390,"column":24},"end":{"line":390,"column":52}},"165":{"start":{"line":391,"column":24},"end":{"line":391,"column":31}},"166":{"start":{"line":397,"column":1},"end":{"line":400,"column":4}},"167":{"start":{"line":398,"column":2},"end":{"line":398,"column":24}},"168":{"start":{"line":399,"column":2},"end":{"line":399,"column":9}}},"branchMap":{"1":{"line":86,"type":"if","locations":[{"start":{"line":86,"column":5},"end":{"line":86,"column":5}},{"start":{"line":86,"column":5},"end":{"line":86,"column":5}}]},"2":{"line":101,"type":"if","locations":[{"start":{"line":101,"column":5},"end":{"line":101,"column":5}},{"start":{"line":101,"column":5},"end":{"line":101,"column":5}}]},"3":{"line":176,"type":"if","locations":[{"start":{"line":176,"column":5},"end":{"line":176,"column":5}},{"start":{"line":176,"column":5},"end":{"line":176,"column":5}}]},"4":{"line":195,"type":"if","locations":[{"start":{"line":195,"column":6},"end":{"line":195,"column":6}},{"start":{"line":195,"column":6},"end":{"line":195,"column":6}}]},"5":{"line":216,"type":"if","locations":[{"start":{"line":216,"column":6},"end":{"line":216,"column":6}},{"start":{"line":216,"column":6},"end":{"line":216,"column":6}}]},"6":{"line":237,"type":"if","locations":[{"start":{"line":237,"column":6},"end":{"line":237,"column":6}},{"start":{"line":237,"column":6},"end":{"line":237,"column":6}}]}}}}