TN:
SF:/home/bruno/LDSO/test/backend/index.js
FNF:0
FNH:0
DA:1,1
DA:4,1
DA:6,1
DA:7,1
LF:4
LH:4
BRF:0
BRH:0
end_of_record
TN:
SF:/home/bruno/LDSO/test/backend/users.js
FN:139,(anonymous_1)
FNF:1
FNH:0
FNDA:0,(anonymous_1)
DA:1,1
DA:3,1
DA:4,1
DA:6,1
DA:7,1
DA:8,1
DA:9,1
DA:10,1
DA:13,1
DA:15,1
DA:17,1
DA:18,1
DA:19,0
DA:24,0
DA:31,1
DA:32,1
DA:33,0
DA:38,0
DA:42,0
DA:43,0
DA:46,1
DA:47,0
DA:52,0
DA:56,0
DA:57,0
DA:80,1
DA:81,1
DA:82,0
DA:86,0
DA:90,0
DA:91,0
DA:95,1
DA:96,0
DA:100,0
DA:104,0
DA:105,0
DA:109,1
DA:110,0
DA:114,0
DA:118,0
DA:119,0
DA:127,1
DA:128,1
DA:129,0
DA:132,0
DA:133,0
DA:139,1
DA:140,0
DA:141,0
LF:49
LH:22
BRF:0
BRH:0
end_of_record
TN:
SF:/home/bruno/LDSO/test/backend/utils.js
FN:6,(anonymous_1)
FN:11,(anonymous_2)
FN:28,(anonymous_3)
FN:35,(anonymous_4)
FN:48,(anonymous_5)
FN:53,(anonymous_6)
FN:60,(anonymous_7)
FN:65,(anonymous_8)
FNF:8
FNH:0
FNDA:0,(anonymous_1)
FNDA:0,(anonymous_2)
FNDA:0,(anonymous_3)
FNDA:0,(anonymous_4)
FNDA:0,(anonymous_5)
FNDA:0,(anonymous_6)
FNDA:0,(anonymous_7)
FNDA:0,(anonymous_8)
DA:1,1
DA:2,1
DA:3,1
DA:4,1
DA:6,1
DA:8,0
DA:11,1
DA:13,0
DA:17,0
DA:18,0
DA:22,0
DA:23,0
DA:28,1
DA:31,0
DA:32,0
DA:37,0
DA:39,0
DA:43,0
DA:48,1
DA:50,0
DA:55,0
DA:60,1
DA:62,0
DA:67,0
LF:24
LH:9
BRDA:37,1,0,0
BRDA:37,1,1,0
BRF:2
BRH:0
end_of_record
TN:
SF:/home/bruno/LDSO/test/backend/campaigns.js
FN:137,(anonymous_1)
FN:139,(anonymous_2)
FN:191,(anonymous_3)
FN:212,(anonymous_4)
FN:233,(anonymous_5)
FN:265,(anonymous_6)
FN:299,(anonymous_7)
FN:318,(anonymous_8)
FN:339,(anonymous_9)
FN:369,(anonymous_10)
FN:386,(anonymous_11)
FN:397,(anonymous_12)
FNF:12
FNH:0
FNDA:0,(anonymous_1)
FNDA:0,(anonymous_2)
FNDA:0,(anonymous_3)
FNDA:0,(anonymous_4)
FNDA:0,(anonymous_5)
FNDA:0,(anonymous_6)
FNDA:0,(anonymous_7)
FNDA:0,(anonymous_8)
FNDA:0,(anonymous_9)
FNDA:0,(anonymous_10)
FNDA:0,(anonymous_11)
FNDA:0,(anonymous_12)
DA:1,1
DA:3,1
DA:4,1
DA:6,1
DA:7,1
DA:8,1
DA:9,1
DA:11,1
DA:12,1
DA:13,1
DA:17,1
DA:18,1
DA:19,0
DA:24,0
DA:25,0
DA:27,0
DA:39,0
DA:42,0
DA:47,0
DA:50,1
DA:51,1
DA:52,0
DA:53,0
DA:66,0
DA:67,0
DA:71,0
DA:72,0
DA:79,1
DA:80,1
DA:81,0
DA:82,0
DA:86,0
DA:87,0
DA:89,0
DA:90,0
DA:91,0
DA:95,1
DA:96,0
DA:97,0
DA:101,0
DA:102,0
DA:104,0
DA:105,0
DA:106,0
DA:111,1
DA:112,1
DA:113,0
DA:114,0
DA:118,0
DA:122,0
DA:123,0
DA:127,1
DA:128,0
DA:129,0
DA:133,0
DA:137,0
DA:139,0
DA:141,0
DA:142,0
DA:171,1
DA:172,1
DA:173,0
DA:176,0
DA:177,0
DA:179,0
DA:180,0
DA:181,0
DA:185,1
DA:186,0
DA:190,0
DA:191,0
DA:192,0
DA:195,0
DA:196,0
DA:198,0
DA:199,0
DA:200,0
DA:206,1
DA:207,0
DA:211,0
DA:212,0
DA:213,0
DA:216,0
DA:217,0
DA:219,0
DA:220,0
DA:221,0
DA:227,1
DA:228,0
DA:232,0
DA:233,0
DA:234,0
DA:237,0
DA:238,0
DA:240,0
DA:241,0
DA:242,0
DA:248,1
DA:249,1
DA:250,0
DA:251,0
DA:254,0
DA:255,0
DA:258,1
DA:259,0
DA:260,0
DA:264,0
DA:265,0
DA:266,0
DA:269,0
DA:270,0
DA:277,1
DA:278,1
DA:279,0
DA:280,0
DA:283,0
DA:284,0
DA:288,1
DA:289,0
DA:290,0
DA:294,0
DA:298,0
DA:299,0
DA:300,0
DA:304,0
DA:305,0
DA:311,1
DA:312,0
DA:313,0
DA:317,0
DA:318,0
DA:319,0
DA:322,0
DA:323,0
DA:328,1
DA:329,0
DA:330,0
DA:334,0
DA:338,0
DA:339,0
DA:340,0
DA:343,0
DA:344,0
DA:351,1
DA:352,1
DA:353,0
DA:354,0
DA:357,0
DA:358,0
DA:362,1
DA:363,0
DA:364,0
DA:368,0
DA:369,0
DA:370,0
DA:373,0
DA:374,0
DA:379,1
DA:380,0
DA:381,0
DA:385,0
DA:386,0
DA:387,0
DA:390,0
DA:391,0
DA:397,1
DA:398,0
DA:399,0
LF:168
LH:38
BRDA:86,1,0,0
BRDA:86,1,1,0
BRDA:101,2,0,0
BRDA:101,2,1,0
BRDA:176,3,0,0
BRDA:176,3,1,0
BRDA:195,4,0,0
BRDA:195,4,1,0
BRDA:216,5,0,0
BRDA:216,5,1,0
BRDA:237,6,0,0
BRDA:237,6,1,0
BRF:12
BRH:0
end_of_record
