{"/home/bruno/LDSO/test.js":{"path":"/home/bruno/LDSO/test.js","s":{"1":1,"2":1,"3":1,"4":1},"b":{},"f":{},"fnMap":{},"statementMap":{"1":{"start":{"line":1,"column":0},"end":{"line":1,"column":30}},"2":{"start":{"line":4,"column":0},"end":{"line":4,"column":27}},"3":{"start":{"line":6,"column":0},"end":{"line":6,"column":32}},"4":{"start":{"line":7,"column":0},"end":{"line":7,"column":36}}},"branchMap":{}},"/home/bruno/LDSO/app.js":{"path":"/home/bruno/LDSO/app.js","s":{"1":1,"2":0,"3":0,"4":0,"5":0,"6":0,"7":0,"8":1,"9":1,"10":1,"11":1,"12":1,"13":1,"14":1,"15":1,"16":1,"17":1,"18":1,"19":1,"20":1,"21":1,"22":1,"23":1,"24":1,"25":1,"26":1,"27":1,"28":1,"29":1,"30":1,"31":1,"32":1,"33":1,"34":1,"35":1,"36":1,"37":1,"38":1,"39":1,"40":1,"41":1,"42":37,"43":37,"44":1,"45":1,"46":1,"47":1,"48":1,"49":0,"50":0,"51":0,"52":1,"53":3,"54":3,"55":3,"56":1,"57":3,"58":3,"59":3,"60":3,"61":1,"62":1,"63":1,"64":1,"65":1,"66":1,"67":1,"68":1,"69":1,"70":1,"71":1,"72":0,"73":1,"74":1,"75":0,"76":1,"77":0,"78":0,"79":0,"80":0,"81":0,"82":0,"83":0,"84":0,"85":0,"86":0,"87":0,"88":1,"89":1,"90":1,"91":1,"92":1},"b":{"1":[0,1],"2":[0,0,0],"3":[0,0],"4":[0,3],"5":[3,0],"6":[1,1],"7":[0,1],"8":[1,0],"9":[0,0],"10":[0,0],"11":[0,0,0],"12":[0,1]},"f":{"1":37,"2":0,"3":3,"4":3,"5":1,"6":0,"7":1},"fnMap":{"1":{"name":"(anonymous_1)","line":69,"loc":{"start":{"line":69,"column":8},"end":{"line":69,"column":33}}},"2":{"name":"(anonymous_2)","line":78,"loc":{"start":{"line":78,"column":17},"end":{"line":78,"column":42}}},"3":{"name":"(anonymous_3)","line":87,"loc":{"start":{"line":87,"column":8},"end":{"line":87,"column":33}}},"4":{"name":"(anonymous_4)","line":94,"loc":{"start":{"line":94,"column":8},"end":{"line":94,"column":38}}},"5":{"name":"normalizePort","line":136,"loc":{"start":{"line":136,"column":0},"end":{"line":136,"column":28}}},"6":{"name":"onError","line":156,"loc":{"start":{"line":156,"column":0},"end":{"line":156,"column":24}}},"7":{"name":"onListening","line":184,"loc":{"start":{"line":184,"column":0},"end":{"line":184,"column":23}}}},"statementMap":{"1":{"start":{"line":1,"column":0},"end":{"line":12,"column":1}},"2":{"start":{"line":2,"column":1},"end":{"line":11,"column":2}},"3":{"start":{"line":4,"column":3},"end":{"line":4,"column":39}},"4":{"start":{"line":5,"column":3},"end":{"line":5,"column":9}},"5":{"start":{"line":7,"column":3},"end":{"line":7,"column":40}},"6":{"start":{"line":8,"column":3},"end":{"line":8,"column":9}},"7":{"start":{"line":10,"column":3},"end":{"line":10,"column":19}},"8":{"start":{"line":13,"column":0},"end":{"line":13,"column":33}},"9":{"start":{"line":14,"column":0},"end":{"line":14,"column":27}},"10":{"start":{"line":16,"column":0},"end":{"line":16,"column":31}},"11":{"start":{"line":17,"column":0},"end":{"line":17,"column":44}},"12":{"start":{"line":18,"column":0},"end":{"line":18,"column":40}},"13":{"start":{"line":19,"column":0},"end":{"line":19,"column":52}},"14":{"start":{"line":20,"column":0},"end":{"line":20,"column":41}},"15":{"start":{"line":22,"column":0},"end":{"line":22,"column":56}},"16":{"start":{"line":23,"column":0},"end":{"line":23,"column":20}},"17":{"start":{"line":25,"column":0},"end":{"line":25,"column":32}},"18":{"start":{"line":26,"column":0},"end":{"line":26,"column":42}},"19":{"start":{"line":27,"column":0},"end":{"line":27,"column":47}},"20":{"start":{"line":28,"column":0},"end":{"line":28,"column":50}},"21":{"start":{"line":29,"column":0},"end":{"line":29,"column":48}},"22":{"start":{"line":30,"column":0},"end":{"line":30,"column":50}},"23":{"start":{"line":31,"column":0},"end":{"line":31,"column":46}},"24":{"start":{"line":33,"column":0},"end":{"line":33,"column":38}},"25":{"start":{"line":34,"column":0},"end":{"line":34,"column":38}},"26":{"start":{"line":35,"column":0},"end":{"line":35,"column":46}},"27":{"start":{"line":36,"column":0},"end":{"line":36,"column":38}},"28":{"start":{"line":37,"column":0},"end":{"line":37,"column":42}},"29":{"start":{"line":39,"column":0},"end":{"line":39,"column":20}},"30":{"start":{"line":42,"column":0},"end":{"line":42,"column":48}},"31":{"start":{"line":43,"column":0},"end":{"line":43,"column":30}},"32":{"start":{"line":47,"column":0},"end":{"line":47,"column":23}},"33":{"start":{"line":48,"column":0},"end":{"line":48,"column":42}},"34":{"start":{"line":49,"column":0},"end":{"line":53,"column":4}},"35":{"start":{"line":54,"column":0},"end":{"line":54,"column":28}},"36":{"start":{"line":55,"column":0},"end":{"line":55,"column":24}},"37":{"start":{"line":56,"column":0},"end":{"line":56,"column":28}},"38":{"start":{"line":57,"column":0},"end":{"line":57,"column":56}},"39":{"start":{"line":58,"column":0},"end":{"line":63,"column":4}},"40":{"start":{"line":66,"column":0},"end":{"line":66,"column":67}},"41":{"start":{"line":69,"column":0},"end":{"line":72,"column":3}},"42":{"start":{"line":70,"column":1},"end":{"line":70,"column":42}},"43":{"start":{"line":71,"column":1},"end":{"line":71,"column":8}},"44":{"start":{"line":74,"column":0},"end":{"line":74,"column":20}},"45":{"start":{"line":75,"column":0},"end":{"line":75,"column":25}},"46":{"start":{"line":76,"column":0},"end":{"line":76,"column":33}},"47":{"start":{"line":77,"column":0},"end":{"line":77,"column":29}},"48":{"start":{"line":78,"column":0},"end":{"line":84,"column":10}},"49":{"start":{"line":79,"column":1},"end":{"line":83,"column":2}},"50":{"start":{"line":80,"column":2},"end":{"line":80,"column":9}},"51":{"start":{"line":82,"column":2},"end":{"line":82,"column":32}},"52":{"start":{"line":87,"column":0},"end":{"line":91,"column":3}},"53":{"start":{"line":88,"column":1},"end":{"line":88,"column":34}},"54":{"start":{"line":89,"column":1},"end":{"line":89,"column":18}},"55":{"start":{"line":90,"column":1},"end":{"line":90,"column":11}},"56":{"start":{"line":94,"column":0},"end":{"line":102,"column":3}},"57":{"start":{"line":96,"column":1},"end":{"line":96,"column":34}},"58":{"start":{"line":97,"column":1},"end":{"line":97,"column":68}},"59":{"start":{"line":100,"column":1},"end":{"line":100,"column":31}},"60":{"start":{"line":101,"column":1},"end":{"line":101,"column":19}},"61":{"start":{"line":108,"column":0},"end":{"line":108,"column":44}},"62":{"start":{"line":109,"column":0},"end":{"line":109,"column":27}},"63":{"start":{"line":115,"column":0},"end":{"line":115,"column":58}},"64":{"start":{"line":116,"column":0},"end":{"line":116,"column":22}},"65":{"start":{"line":122,"column":0},"end":{"line":122,"column":36}},"66":{"start":{"line":128,"column":0},"end":{"line":128,"column":20}},"67":{"start":{"line":129,"column":0},"end":{"line":129,"column":28}},"68":{"start":{"line":130,"column":0},"end":{"line":130,"column":36}},"69":{"start":{"line":136,"column":0},"end":{"line":150,"column":1}},"70":{"start":{"line":137,"column":1},"end":{"line":137,"column":30}},"71":{"start":{"line":139,"column":1},"end":{"line":142,"column":2}},"72":{"start":{"line":141,"column":2},"end":{"line":141,"column":13}},"73":{"start":{"line":144,"column":1},"end":{"line":147,"column":2}},"74":{"start":{"line":146,"column":2},"end":{"line":146,"column":14}},"75":{"start":{"line":149,"column":1},"end":{"line":149,"column":14}},"76":{"start":{"line":156,"column":0},"end":{"line":178,"column":1}},"77":{"start":{"line":157,"column":1},"end":{"line":159,"column":2}},"78":{"start":{"line":158,"column":2},"end":{"line":158,"column":14}},"79":{"start":{"line":161,"column":1},"end":{"line":163,"column":19}},"80":{"start":{"line":166,"column":1},"end":{"line":177,"column":2}},"81":{"start":{"line":168,"column":3},"end":{"line":168,"column":57}},"82":{"start":{"line":169,"column":3},"end":{"line":169,"column":19}},"83":{"start":{"line":170,"column":3},"end":{"line":170,"column":9}},"84":{"start":{"line":172,"column":3},"end":{"line":172,"column":46}},"85":{"start":{"line":173,"column":3},"end":{"line":173,"column":19}},"86":{"start":{"line":174,"column":3},"end":{"line":174,"column":9}},"87":{"start":{"line":176,"column":3},"end":{"line":176,"column":15}},"88":{"start":{"line":184,"column":0},"end":{"line":190,"column":1}},"89":{"start":{"line":185,"column":1},"end":{"line":185,"column":29}},"90":{"start":{"line":186,"column":1},"end":{"line":188,"column":24}},"91":{"start":{"line":189,"column":1},"end":{"line":189,"column":31}},"92":{"start":{"line":192,"column":0},"end":{"line":192,"column":31}}},"branchMap":{"1":{"line":1,"type":"if","locations":[{"start":{"line":1,"column":0},"end":{"line":1,"column":0}},{"start":{"line":1,"column":0},"end":{"line":1,"column":0}}]},"2":{"line":2,"type":"switch","locations":[{"start":{"line":3,"column":2},"end":{"line":5,"column":9}},{"start":{"line":6,"column":2},"end":{"line":8,"column":9}},{"start":{"line":9,"column":2},"end":{"line":10,"column":19}}]},"3":{"line":79,"type":"if","locations":[{"start":{"line":79,"column":1},"end":{"line":79,"column":1}},{"start":{"line":79,"column":1},"end":{"line":79,"column":1}}]},"4":{"line":97,"type":"cond-expr","locations":[{"start":{"line":97,"column":59},"end":{"line":97,"column":62}},{"start":{"line":97,"column":65},"end":{"line":97,"column":67}}]},"5":{"line":100,"type":"binary-expr","locations":[{"start":{"line":100,"column":12},"end":{"line":100,"column":22}},{"start":{"line":100,"column":26},"end":{"line":100,"column":29}}]},"6":{"line":115,"type":"binary-expr","locations":[{"start":{"line":115,"column":25},"end":{"line":115,"column":41}},{"start":{"line":115,"column":45},"end":{"line":115,"column":56}}]},"7":{"line":139,"type":"if","locations":[{"start":{"line":139,"column":1},"end":{"line":139,"column":1}},{"start":{"line":139,"column":1},"end":{"line":139,"column":1}}]},"8":{"line":144,"type":"if","locations":[{"start":{"line":144,"column":1},"end":{"line":144,"column":1}},{"start":{"line":144,"column":1},"end":{"line":144,"column":1}}]},"9":{"line":157,"type":"if","locations":[{"start":{"line":157,"column":1},"end":{"line":157,"column":1}},{"start":{"line":157,"column":1},"end":{"line":157,"column":1}}]},"10":{"line":161,"type":"cond-expr","locations":[{"start":{"line":162,"column":4},"end":{"line":162,"column":18}},{"start":{"line":163,"column":4},"end":{"line":163,"column":18}}]},"11":{"line":166,"type":"switch","locations":[{"start":{"line":167,"column":2},"end":{"line":170,"column":9}},{"start":{"line":171,"column":2},"end":{"line":174,"column":9}},{"start":{"line":175,"column":2},"end":{"line":176,"column":15}}]},"12":{"line":186,"type":"cond-expr","locations":[{"start":{"line":187,"column":4},"end":{"line":187,"column":18}},{"start":{"line":188,"column":4},"end":{"line":188,"column":23}}]}}},"/home/bruno/LDSO/config.js":{"path":"/home/bruno/LDSO/config.js","s":{"1":1,"2":2,"3":0,"4":0,"5":2,"6":0},"b":{"1":[0,0,2,0]},"f":{"1":2},"fnMap":{"1":{"name":"(anonymous_1)","line":1,"loc":{"start":{"line":1,"column":17},"end":{"line":1,"column":29}}}},"statementMap":{"1":{"start":{"line":1,"column":0},"end":{"line":24,"column":2}},"2":{"start":{"line":2,"column":1},"end":{"line":23,"column":2}},"3":{"start":{"line":4,"column":3},"end":{"line":8,"column":5}},"4":{"start":{"line":10,"column":3},"end":{"line":14,"column":5}},"5":{"start":{"line":16,"column":3},"end":{"line":20,"column":5}},"6":{"start":{"line":22,"column":3},"end":{"line":22,"column":13}}},"branchMap":{"1":{"line":2,"type":"switch","locations":[{"start":{"line":3,"column":2},"end":{"line":8,"column":5}},{"start":{"line":9,"column":2},"end":{"line":14,"column":5}},{"start":{"line":15,"column":2},"end":{"line":20,"column":5}},{"start":{"line":21,"column":2},"end":{"line":22,"column":13}}]}}},"/home/bruno/LDSO/models/db.js":{"path":"/home/bruno/LDSO/models/db.js","s":{"1":1,"2":1,"3":1},"b":{},"f":{},"fnMap":{},"statementMap":{"1":{"start":{"line":1,"column":0},"end":{"line":1,"column":35}},"2":{"start":{"line":2,"column":0},"end":{"line":3,"column":23}},"3":{"start":{"line":5,"column":0},"end":{"line":5,"column":103}}},"branchMap":{}},"/home/bruno/LDSO/models/users.js":{"path":"/home/bruno/LDSO/models/users.js","s":{"1":1,"2":1,"3":1,"4":1,"5":0,"6":0,"7":0,"8":0,"9":0,"10":0,"11":0,"12":1,"13":0,"14":0,"15":0,"16":0,"17":1,"18":0,"19":0,"20":0,"21":0,"22":1,"23":0,"24":0,"25":0,"26":0,"27":1,"28":0,"29":0,"30":0,"31":0,"32":1,"33":0,"34":0,"35":0,"36":0,"37":0,"38":0,"39":0,"40":0,"41":0,"42":0,"43":0,"44":0,"45":0,"46":0,"47":0,"48":0,"49":0,"50":0,"51":0,"52":0,"53":0,"54":0,"55":0,"56":0,"57":0,"58":0,"59":0,"60":0,"61":0,"62":1,"63":0,"64":0,"65":0,"66":0,"67":0,"68":0,"69":0,"70":0},"b":{"1":[0,0],"2":[0,0],"3":[0,0],"4":[0,0],"5":[0,0],"6":[0,0],"7":[0,0],"8":[0,0],"9":[0,0],"10":[0,0],"11":[0,0],"12":[0,0],"13":[0,0],"14":[0,0],"15":[0,0],"16":[0,0],"17":[0,0],"18":[0,0],"19":[0,0],"20":[0,0],"21":[0,0],"22":[0,0]},"f":{"1":0,"2":0,"3":0,"4":0,"5":0,"6":0,"7":0,"8":0,"9":0,"10":0,"11":0,"12":0,"13":0,"14":0,"15":0,"16":0},"fnMap":{"1":{"name":"(anonymous_1)","line":25,"loc":{"start":{"line":25,"column":20},"end":{"line":25,"column":44}}},"2":{"name":"(anonymous_2)","line":26,"loc":{"start":{"line":26,"column":52},"end":{"line":26,"column":75}}},"3":{"name":"(anonymous_3)","line":39,"loc":{"start":{"line":39,"column":22},"end":{"line":39,"column":38}}},"4":{"name":"(anonymous_4)","line":40,"loc":{"start":{"line":40,"column":34},"end":{"line":40,"column":56}}},"5":{"name":"(anonymous_5)","line":46,"loc":{"start":{"line":46,"column":27},"end":{"line":46,"column":43}}},"6":{"name":"(anonymous_6)","line":47,"loc":{"start":{"line":47,"column":86},"end":{"line":47,"column":108}}},"7":{"name":"(anonymous_7)","line":53,"loc":{"start":{"line":53,"column":27},"end":{"line":53,"column":42}}},"8":{"name":"(anonymous_8)","line":54,"loc":{"start":{"line":54,"column":132},"end":{"line":54,"column":154}}},"9":{"name":"(anonymous_9)","line":60,"loc":{"start":{"line":60,"column":18},"end":{"line":60,"column":37}}},"10":{"name":"(anonymous_10)","line":61,"loc":{"start":{"line":61,"column":37},"end":{"line":61,"column":58}}},"11":{"name":"(anonymous_11)","line":67,"loc":{"start":{"line":67,"column":21},"end":{"line":67,"column":128}}},"12":{"name":"(anonymous_12)","line":68,"loc":{"start":{"line":68,"column":37},"end":{"line":68,"column":58}}},"13":{"name":"(anonymous_13)","line":82,"loc":{"start":{"line":82,"column":12},"end":{"line":82,"column":40}}},"14":{"name":"(anonymous_14)","line":89,"loc":{"start":{"line":89,"column":27},"end":{"line":89,"column":54}}},"15":{"name":"(anonymous_15)","line":90,"loc":{"start":{"line":90,"column":37},"end":{"line":90,"column":58}}},"16":{"name":"(anonymous_16)","line":95,"loc":{"start":{"line":95,"column":12},"end":{"line":95,"column":40}}}},"statementMap":{"1":{"start":{"line":1,"column":0},"end":{"line":2,"column":26}},"2":{"start":{"line":4,"column":0},"end":{"line":21,"column":2}},"3":{"start":{"line":23,"column":0},"end":{"line":23,"column":35}},"4":{"start":{"line":25,"column":0},"end":{"line":37,"column":2}},"5":{"start":{"line":26,"column":1},"end":{"line":36,"column":4}},"6":{"start":{"line":27,"column":2},"end":{"line":27,"column":28}},"7":{"start":{"line":27,"column":11},"end":{"line":27,"column":28}},"8":{"start":{"line":28,"column":2},"end":{"line":34,"column":3}},"9":{"start":{"line":29,"column":3},"end":{"line":32,"column":5}},"10":{"start":{"line":33,"column":3},"end":{"line":33,"column":22}},"11":{"start":{"line":35,"column":2},"end":{"line":35,"column":21}},"12":{"start":{"line":39,"column":0},"end":{"line":44,"column":2}},"13":{"start":{"line":40,"column":1},"end":{"line":43,"column":4}},"14":{"start":{"line":41,"column":2},"end":{"line":41,"column":28}},"15":{"start":{"line":41,"column":11},"end":{"line":41,"column":28}},"16":{"start":{"line":42,"column":2},"end":{"line":42,"column":20}},"17":{"start":{"line":46,"column":0},"end":{"line":51,"column":2}},"18":{"start":{"line":47,"column":1},"end":{"line":50,"column":4}},"19":{"start":{"line":48,"column":2},"end":{"line":48,"column":28}},"20":{"start":{"line":48,"column":11},"end":{"line":48,"column":28}},"21":{"start":{"line":49,"column":2},"end":{"line":49,"column":20}},"22":{"start":{"line":53,"column":0},"end":{"line":58,"column":2}},"23":{"start":{"line":54,"column":1},"end":{"line":57,"column":4}},"24":{"start":{"line":55,"column":2},"end":{"line":55,"column":28}},"25":{"start":{"line":55,"column":11},"end":{"line":55,"column":28}},"26":{"start":{"line":56,"column":2},"end":{"line":56,"column":20}},"27":{"start":{"line":60,"column":0},"end":{"line":65,"column":2}},"28":{"start":{"line":61,"column":1},"end":{"line":64,"column":4}},"29":{"start":{"line":62,"column":2},"end":{"line":62,"column":28}},"30":{"start":{"line":62,"column":11},"end":{"line":62,"column":28}},"31":{"start":{"line":63,"column":2},"end":{"line":63,"column":19}},"32":{"start":{"line":67,"column":0},"end":{"line":87,"column":2}},"33":{"start":{"line":68,"column":1},"end":{"line":86,"column":4}},"34":{"start":{"line":69,"column":2},"end":{"line":69,"column":28}},"35":{"start":{"line":69,"column":11},"end":{"line":69,"column":28}},"36":{"start":{"line":71,"column":2},"end":{"line":71,"column":32}},"37":{"start":{"line":71,"column":12},"end":{"line":71,"column":31}},"38":{"start":{"line":72,"column":2},"end":{"line":72,"column":41}},"39":{"start":{"line":72,"column":15},"end":{"line":72,"column":40}},"40":{"start":{"line":73,"column":2},"end":{"line":73,"column":29}},"41":{"start":{"line":73,"column":11},"end":{"line":73,"column":28}},"42":{"start":{"line":74,"column":2},"end":{"line":74,"column":32}},"43":{"start":{"line":74,"column":12},"end":{"line":74,"column":31}},"44":{"start":{"line":75,"column":2},"end":{"line":75,"column":26}},"45":{"start":{"line":75,"column":10},"end":{"line":75,"column":25}},"46":{"start":{"line":76,"column":2},"end":{"line":76,"column":26}},"47":{"start":{"line":76,"column":10},"end":{"line":76,"column":25}},"48":{"start":{"line":77,"column":2},"end":{"line":77,"column":38}},"49":{"start":{"line":77,"column":14},"end":{"line":77,"column":37}},"50":{"start":{"line":78,"column":2},"end":{"line":78,"column":41}},"51":{"start":{"line":78,"column":15},"end":{"line":78,"column":40}},"52":{"start":{"line":79,"column":2},"end":{"line":79,"column":44}},"53":{"start":{"line":79,"column":16},"end":{"line":79,"column":43}},"54":{"start":{"line":80,"column":2},"end":{"line":80,"column":44}},"55":{"start":{"line":80,"column":16},"end":{"line":80,"column":43}},"56":{"start":{"line":81,"column":2},"end":{"line":81,"column":32}},"57":{"start":{"line":81,"column":12},"end":{"line":81,"column":31}},"58":{"start":{"line":82,"column":2},"end":{"line":85,"column":5}},"59":{"start":{"line":83,"column":3},"end":{"line":83,"column":29}},"60":{"start":{"line":83,"column":12},"end":{"line":83,"column":29}},"61":{"start":{"line":84,"column":3},"end":{"line":84,"column":27}},"62":{"start":{"line":89,"column":0},"end":{"line":100,"column":2}},"63":{"start":{"line":90,"column":1},"end":{"line":99,"column":4}},"64":{"start":{"line":91,"column":2},"end":{"line":91,"column":28}},"65":{"start":{"line":91,"column":11},"end":{"line":91,"column":28}},"66":{"start":{"line":93,"column":2},"end":{"line":93,"column":23}},"67":{"start":{"line":95,"column":2},"end":{"line":98,"column":5}},"68":{"start":{"line":96,"column":3},"end":{"line":96,"column":29}},"69":{"start":{"line":96,"column":12},"end":{"line":96,"column":29}},"70":{"start":{"line":97,"column":3},"end":{"line":97,"column":27}}},"branchMap":{"1":{"line":27,"type":"if","locations":[{"start":{"line":27,"column":2},"end":{"line":27,"column":2}},{"start":{"line":27,"column":2},"end":{"line":27,"column":2}}]},"2":{"line":28,"type":"if","locations":[{"start":{"line":28,"column":2},"end":{"line":28,"column":2}},{"start":{"line":28,"column":2},"end":{"line":28,"column":2}}]},"3":{"line":28,"type":"binary-expr","locations":[{"start":{"line":28,"column":5},"end":{"line":28,"column":38}},{"start":{"line":28,"column":42},"end":{"line":28,"column":75}}]},"4":{"line":41,"type":"if","locations":[{"start":{"line":41,"column":2},"end":{"line":41,"column":2}},{"start":{"line":41,"column":2},"end":{"line":41,"column":2}}]},"5":{"line":48,"type":"if","locations":[{"start":{"line":48,"column":2},"end":{"line":48,"column":2}},{"start":{"line":48,"column":2},"end":{"line":48,"column":2}}]},"6":{"line":55,"type":"if","locations":[{"start":{"line":55,"column":2},"end":{"line":55,"column":2}},{"start":{"line":55,"column":2},"end":{"line":55,"column":2}}]},"7":{"line":62,"type":"if","locations":[{"start":{"line":62,"column":2},"end":{"line":62,"column":2}},{"start":{"line":62,"column":2},"end":{"line":62,"column":2}}]},"8":{"line":69,"type":"if","locations":[{"start":{"line":69,"column":2},"end":{"line":69,"column":2}},{"start":{"line":69,"column":2},"end":{"line":69,"column":2}}]},"9":{"line":71,"type":"if","locations":[{"start":{"line":71,"column":2},"end":{"line":71,"column":2}},{"start":{"line":71,"column":2},"end":{"line":71,"column":2}}]},"10":{"line":72,"type":"if","locations":[{"start":{"line":72,"column":2},"end":{"line":72,"column":2}},{"start":{"line":72,"column":2},"end":{"line":72,"column":2}}]},"11":{"line":73,"type":"if","locations":[{"start":{"line":73,"column":2},"end":{"line":73,"column":2}},{"start":{"line":73,"column":2},"end":{"line":73,"column":2}}]},"12":{"line":74,"type":"if","locations":[{"start":{"line":74,"column":2},"end":{"line":74,"column":2}},{"start":{"line":74,"column":2},"end":{"line":74,"column":2}}]},"13":{"line":75,"type":"if","locations":[{"start":{"line":75,"column":2},"end":{"line":75,"column":2}},{"start":{"line":75,"column":2},"end":{"line":75,"column":2}}]},"14":{"line":76,"type":"if","locations":[{"start":{"line":76,"column":2},"end":{"line":76,"column":2}},{"start":{"line":76,"column":2},"end":{"line":76,"column":2}}]},"15":{"line":77,"type":"if","locations":[{"start":{"line":77,"column":2},"end":{"line":77,"column":2}},{"start":{"line":77,"column":2},"end":{"line":77,"column":2}}]},"16":{"line":78,"type":"if","locations":[{"start":{"line":78,"column":2},"end":{"line":78,"column":2}},{"start":{"line":78,"column":2},"end":{"line":78,"column":2}}]},"17":{"line":79,"type":"if","locations":[{"start":{"line":79,"column":2},"end":{"line":79,"column":2}},{"start":{"line":79,"column":2},"end":{"line":79,"column":2}}]},"18":{"line":80,"type":"if","locations":[{"start":{"line":80,"column":2},"end":{"line":80,"column":2}},{"start":{"line":80,"column":2},"end":{"line":80,"column":2}}]},"19":{"line":81,"type":"if","locations":[{"start":{"line":81,"column":2},"end":{"line":81,"column":2}},{"start":{"line":81,"column":2},"end":{"line":81,"column":2}}]},"20":{"line":83,"type":"if","locations":[{"start":{"line":83,"column":3},"end":{"line":83,"column":3}},{"start":{"line":83,"column":3},"end":{"line":83,"column":3}}]},"21":{"line":91,"type":"if","locations":[{"start":{"line":91,"column":2},"end":{"line":91,"column":2}},{"start":{"line":91,"column":2},"end":{"line":91,"column":2}}]},"22":{"line":96,"type":"if","locations":[{"start":{"line":96,"column":3},"end":{"line":96,"column":3}},{"start":{"line":96,"column":3},"end":{"line":96,"column":3}}]}}},"/home/bruno/LDSO/models/replies.js":{"path":"/home/bruno/LDSO/models/replies.js","s":{"1":1,"2":1,"3":1,"4":1,"5":0,"6":0,"7":0,"8":0,"9":1,"10":0,"11":0,"12":0,"13":0},"b":{"1":[0,0],"2":[0,0]},"f":{"1":0,"2":0,"3":0,"4":0},"fnMap":{"1":{"name":"(anonymous_1)","line":16,"loc":{"start":{"line":16,"column":24},"end":{"line":16,"column":40}}},"2":{"name":"(anonymous_2)","line":17,"loc":{"start":{"line":17,"column":34},"end":{"line":17,"column":58}}},"3":{"name":"(anonymous_3)","line":24,"loc":{"start":{"line":24,"column":29},"end":{"line":24,"column":45}}},"4":{"name":"(anonymous_4)","line":25,"loc":{"start":{"line":25,"column":87},"end":{"line":25,"column":111}}}},"statementMap":{"1":{"start":{"line":1,"column":0},"end":{"line":2,"column":26}},"2":{"start":{"line":4,"column":0},"end":{"line":13,"column":2}},"3":{"start":{"line":14,"column":0},"end":{"line":14,"column":37}},"4":{"start":{"line":16,"column":0},"end":{"line":21,"column":2}},"5":{"start":{"line":17,"column":1},"end":{"line":20,"column":4}},"6":{"start":{"line":18,"column":2},"end":{"line":18,"column":28}},"7":{"start":{"line":18,"column":11},"end":{"line":18,"column":28}},"8":{"start":{"line":19,"column":2},"end":{"line":19,"column":22}},"9":{"start":{"line":24,"column":0},"end":{"line":29,"column":2}},"10":{"start":{"line":25,"column":1},"end":{"line":28,"column":4}},"11":{"start":{"line":26,"column":2},"end":{"line":26,"column":28}},"12":{"start":{"line":26,"column":11},"end":{"line":26,"column":28}},"13":{"start":{"line":27,"column":2},"end":{"line":27,"column":22}}},"branchMap":{"1":{"line":18,"type":"if","locations":[{"start":{"line":18,"column":2},"end":{"line":18,"column":2}},{"start":{"line":18,"column":2},"end":{"line":18,"column":2}}]},"2":{"line":26,"type":"if","locations":[{"start":{"line":26,"column":2},"end":{"line":26,"column":2}},{"start":{"line":26,"column":2},"end":{"line":26,"column":2}}]}}},"/home/bruno/LDSO/models/donations.js":{"path":"/home/bruno/LDSO/models/donations.js","s":{"1":1,"2":1,"3":1,"4":1,"5":0,"6":0,"7":0,"8":0},"b":{"1":[0,0]},"f":{"1":0,"2":0},"fnMap":{"1":{"name":"(anonymous_1)","line":13,"loc":{"start":{"line":13,"column":29},"end":{"line":13,"column":52}}},"2":{"name":"(anonymous_2)","line":14,"loc":{"start":{"line":14,"column":49},"end":{"line":14,"column":75}}}},"statementMap":{"1":{"start":{"line":1,"column":0},"end":{"line":2,"column":26}},"2":{"start":{"line":4,"column":0},"end":{"line":10,"column":2}},"3":{"start":{"line":11,"column":0},"end":{"line":11,"column":43}},"4":{"start":{"line":13,"column":0},"end":{"line":18,"column":2}},"5":{"start":{"line":14,"column":1},"end":{"line":17,"column":4}},"6":{"start":{"line":15,"column":2},"end":{"line":15,"column":28}},"7":{"start":{"line":15,"column":11},"end":{"line":15,"column":28}},"8":{"start":{"line":16,"column":2},"end":{"line":16,"column":24}}},"branchMap":{"1":{"line":15,"type":"if","locations":[{"start":{"line":15,"column":2},"end":{"line":15,"column":2}},{"start":{"line":15,"column":2},"end":{"line":15,"column":2}}]}}},"/home/bruno/LDSO/models/comments.js":{"path":"/home/bruno/LDSO/models/comments.js","s":{"1":1,"2":1,"3":1,"4":1,"5":0,"6":0,"7":0,"8":0,"9":1,"10":0,"11":0,"12":0,"13":0},"b":{"1":[0,0],"2":[0,0]},"f":{"1":0,"2":0,"3":0,"4":0},"fnMap":{"1":{"name":"(anonymous_1)","line":18,"loc":{"start":{"line":18,"column":25},"end":{"line":18,"column":41}}},"2":{"name":"(anonymous_2)","line":19,"loc":{"start":{"line":19,"column":36},"end":{"line":19,"column":61}}},"3":{"name":"(anonymous_3)","line":26,"loc":{"start":{"line":26,"column":30},"end":{"line":26,"column":46}}},"4":{"name":"(anonymous_4)","line":27,"loc":{"start":{"line":27,"column":89},"end":{"line":27,"column":114}}}},"statementMap":{"1":{"start":{"line":1,"column":0},"end":{"line":2,"column":26}},"2":{"start":{"line":4,"column":0},"end":{"line":14,"column":2}},"3":{"start":{"line":15,"column":0},"end":{"line":15,"column":41}},"4":{"start":{"line":18,"column":0},"end":{"line":23,"column":2}},"5":{"start":{"line":19,"column":1},"end":{"line":22,"column":4}},"6":{"start":{"line":20,"column":2},"end":{"line":20,"column":28}},"7":{"start":{"line":20,"column":11},"end":{"line":20,"column":28}},"8":{"start":{"line":21,"column":2},"end":{"line":21,"column":23}},"9":{"start":{"line":26,"column":0},"end":{"line":31,"column":2}},"10":{"start":{"line":27,"column":1},"end":{"line":30,"column":4}},"11":{"start":{"line":28,"column":2},"end":{"line":28,"column":28}},"12":{"start":{"line":28,"column":11},"end":{"line":28,"column":28}},"13":{"start":{"line":29,"column":2},"end":{"line":29,"column":23}}},"branchMap":{"1":{"line":20,"type":"if","locations":[{"start":{"line":20,"column":2},"end":{"line":20,"column":2}},{"start":{"line":20,"column":2},"end":{"line":20,"column":2}}]},"2":{"line":28,"type":"if","locations":[{"start":{"line":28,"column":2},"end":{"line":28,"column":2}},{"start":{"line":28,"column":2},"end":{"line":28,"column":2}}]}}},"/home/bruno/LDSO/models/campaigns.js":{"path":"/home/bruno/LDSO/models/campaigns.js","s":{"1":1,"2":1,"3":1,"4":1,"5":0,"6":0,"7":0,"8":0,"9":1,"10":3,"11":3,"12":3,"13":0,"14":3,"15":1,"16":0,"17":0,"18":0,"19":0,"20":0,"21":1,"22":0,"23":0,"24":0,"25":0,"26":1,"27":0,"28":0,"29":0,"30":0,"31":1,"32":0,"33":0,"34":0,"35":0,"36":1,"37":0,"38":0,"39":0,"40":0,"41":1,"42":0,"43":0,"44":0,"45":0,"46":0,"47":0,"48":0,"49":0,"50":0,"51":0},"b":{"1":[0,0],"2":[0,3],"3":[0,0],"4":[0,0],"5":[0,0],"6":[0,0],"7":[0,0],"8":[0,0]},"f":{"1":0,"2":0,"3":3,"4":3,"5":0,"6":0,"7":0,"8":0,"9":0,"10":0,"11":0,"12":0,"13":0,"14":0,"15":0,"16":0,"17":0,"18":0,"19":0},"fnMap":{"1":{"name":"(anonymous_1)","line":29,"loc":{"start":{"line":29,"column":26},"end":{"line":29,"column":81}}},"2":{"name":"(anonymous_2)","line":33,"loc":{"start":{"line":33,"column":4},"end":{"line":33,"column":30}}},"3":{"name":"(anonymous_3)","line":40,"loc":{"start":{"line":40,"column":22},"end":{"line":40,"column":50}}},"4":{"name":"(anonymous_4)","line":67,"loc":{"start":{"line":67,"column":2},"end":{"line":67,"column":28}}},"5":{"name":"(anonymous_5)","line":74,"loc":{"start":{"line":74,"column":32},"end":{"line":74,"column":70}}},"6":{"name":"(anonymous_6)","line":106,"loc":{"start":{"line":106,"column":2},"end":{"line":106,"column":28}}},"7":{"name":"(anonymous_7)","line":113,"loc":{"start":{"line":113,"column":29},"end":{"line":113,"column":43}}},"8":{"name":"(anonymous_8)","line":136,"loc":{"start":{"line":136,"column":2},"end":{"line":136,"column":28}}},"9":{"name":"(anonymous_9)","line":143,"loc":{"start":{"line":143,"column":26},"end":{"line":143,"column":42}}},"10":{"name":"(anonymous_10)","line":144,"loc":{"start":{"line":144,"column":37},"end":{"line":144,"column":63}}},"11":{"name":"(anonymous_11)","line":151,"loc":{"start":{"line":151,"column":31},"end":{"line":151,"column":47}}},"12":{"name":"(anonymous_12)","line":152,"loc":{"start":{"line":152,"column":90},"end":{"line":152,"column":116}}},"13":{"name":"(anonymous_13)","line":158,"loc":{"start":{"line":158,"column":29},"end":{"line":158,"column":52}}},"14":{"name":"(anonymous_14)","line":159,"loc":{"start":{"line":159,"column":50},"end":{"line":159,"column":76}}},"15":{"name":"(anonymous_15)","line":165,"loc":{"start":{"line":165,"column":42},"end":{"line":165,"column":65}}},"16":{"name":"(anonymous_16)","line":174,"loc":{"start":{"line":174,"column":8},"end":{"line":174,"column":38}}},"17":{"name":"(anonymous_17)","line":177,"loc":{"start":{"line":177,"column":12},"end":{"line":177,"column":35}}},"18":{"name":"(anonymous_18)","line":180,"loc":{"start":{"line":180,"column":9},"end":{"line":180,"column":32}}},"19":{"name":"(anonymous_19)","line":182,"loc":{"start":{"line":182,"column":60},"end":{"line":182,"column":86}}}},"statementMap":{"1":{"start":{"line":1,"column":0},"end":{"line":3,"column":40}},"2":{"start":{"line":5,"column":0},"end":{"line":25,"column":4}},"3":{"start":{"line":27,"column":0},"end":{"line":27,"column":43}},"4":{"start":{"line":29,"column":0},"end":{"line":37,"column":2}},"5":{"start":{"line":30,"column":1},"end":{"line":36,"column":4}},"6":{"start":{"line":34,"column":2},"end":{"line":34,"column":28}},"7":{"start":{"line":34,"column":11},"end":{"line":34,"column":28}},"8":{"start":{"line":35,"column":2},"end":{"line":35,"column":24}},"9":{"start":{"line":40,"column":0},"end":{"line":72,"column":2}},"10":{"start":{"line":41,"column":1},"end":{"line":41,"column":18}},"11":{"start":{"line":43,"column":1},"end":{"line":71,"column":3}},"12":{"start":{"line":68,"column":3},"end":{"line":68,"column":29}},"13":{"start":{"line":68,"column":12},"end":{"line":68,"column":29}},"14":{"start":{"line":69,"column":3},"end":{"line":69,"column":25}},"15":{"start":{"line":74,"column":0},"end":{"line":111,"column":2}},"16":{"start":{"line":75,"column":1},"end":{"line":75,"column":18}},"17":{"start":{"line":77,"column":1},"end":{"line":110,"column":3}},"18":{"start":{"line":107,"column":3},"end":{"line":107,"column":29}},"19":{"start":{"line":107,"column":12},"end":{"line":107,"column":29}},"20":{"start":{"line":108,"column":3},"end":{"line":108,"column":25}},"21":{"start":{"line":113,"column":0},"end":{"line":141,"column":2}},"22":{"start":{"line":114,"column":1},"end":{"line":140,"column":3}},"23":{"start":{"line":137,"column":3},"end":{"line":137,"column":29}},"24":{"start":{"line":137,"column":12},"end":{"line":137,"column":29}},"25":{"start":{"line":138,"column":3},"end":{"line":138,"column":19}},"26":{"start":{"line":143,"column":0},"end":{"line":148,"column":2}},"27":{"start":{"line":144,"column":1},"end":{"line":147,"column":4}},"28":{"start":{"line":145,"column":2},"end":{"line":145,"column":28}},"29":{"start":{"line":145,"column":11},"end":{"line":145,"column":28}},"30":{"start":{"line":146,"column":2},"end":{"line":146,"column":24}},"31":{"start":{"line":151,"column":0},"end":{"line":156,"column":2}},"32":{"start":{"line":152,"column":1},"end":{"line":155,"column":4}},"33":{"start":{"line":153,"column":2},"end":{"line":153,"column":28}},"34":{"start":{"line":153,"column":11},"end":{"line":153,"column":28}},"35":{"start":{"line":154,"column":2},"end":{"line":154,"column":24}},"36":{"start":{"line":158,"column":0},"end":{"line":163,"column":2}},"37":{"start":{"line":159,"column":1},"end":{"line":162,"column":4}},"38":{"start":{"line":160,"column":2},"end":{"line":160,"column":28}},"39":{"start":{"line":160,"column":11},"end":{"line":160,"column":28}},"40":{"start":{"line":161,"column":2},"end":{"line":161,"column":24}},"41":{"start":{"line":165,"column":0},"end":{"line":189,"column":2}},"42":{"start":{"line":166,"column":1},"end":{"line":188,"column":5}},"43":{"start":{"line":175,"column":3},"end":{"line":175,"column":29}},"44":{"start":{"line":175,"column":12},"end":{"line":175,"column":29}},"45":{"start":{"line":176,"column":3},"end":{"line":186,"column":7}},"46":{"start":{"line":178,"column":5},"end":{"line":178,"column":46}},"47":{"start":{"line":181,"column":5},"end":{"line":181,"column":58}},"48":{"start":{"line":182,"column":5},"end":{"line":184,"column":12}},"49":{"start":{"line":183,"column":6},"end":{"line":183,"column":34}},"50":{"start":{"line":185,"column":5},"end":{"line":185,"column":22}},"51":{"start":{"line":187,"column":3},"end":{"line":187,"column":29}}},"branchMap":{"1":{"line":34,"type":"if","locations":[{"start":{"line":34,"column":2},"end":{"line":34,"column":2}},{"start":{"line":34,"column":2},"end":{"line":34,"column":2}}]},"2":{"line":68,"type":"if","locations":[{"start":{"line":68,"column":3},"end":{"line":68,"column":3}},{"start":{"line":68,"column":3},"end":{"line":68,"column":3}}]},"3":{"line":107,"type":"if","locations":[{"start":{"line":107,"column":3},"end":{"line":107,"column":3}},{"start":{"line":107,"column":3},"end":{"line":107,"column":3}}]},"4":{"line":137,"type":"if","locations":[{"start":{"line":137,"column":3},"end":{"line":137,"column":3}},{"start":{"line":137,"column":3},"end":{"line":137,"column":3}}]},"5":{"line":145,"type":"if","locations":[{"start":{"line":145,"column":2},"end":{"line":145,"column":2}},{"start":{"line":145,"column":2},"end":{"line":145,"column":2}}]},"6":{"line":153,"type":"if","locations":[{"start":{"line":153,"column":2},"end":{"line":153,"column":2}},{"start":{"line":153,"column":2},"end":{"line":153,"column":2}}]},"7":{"line":160,"type":"if","locations":[{"start":{"line":160,"column":2},"end":{"line":160,"column":2}},{"start":{"line":160,"column":2},"end":{"line":160,"column":2}}]},"8":{"line":175,"type":"if","locations":[{"start":{"line":175,"column":3},"end":{"line":175,"column":3}},{"start":{"line":175,"column":3},"end":{"line":175,"column":3}}]}}},"/home/bruno/LDSO/models/reports.js":{"path":"/home/bruno/LDSO/models/reports.js","s":{"1":1,"2":1,"3":1},"b":{},"f":{},"fnMap":{},"statementMap":{"1":{"start":{"line":1,"column":0},"end":{"line":2,"column":26}},"2":{"start":{"line":4,"column":0},"end":{"line":9,"column":2}},"3":{"start":{"line":10,"column":0},"end":{"line":10,"column":39}}},"branchMap":{}},"/home/bruno/LDSO/routes/index.js":{"path":"/home/bruno/LDSO/routes/index.js","s":{"1":1,"2":1,"3":3,"4":0,"5":3,"6":3,"7":3,"8":0,"9":3,"10":3,"11":0,"12":3,"13":3,"14":0,"15":3,"16":3,"17":0,"18":0,"19":0,"20":0,"21":3,"22":1},"b":{"1":[0,3],"2":[0,3],"3":[0,3],"4":[0,3],"5":[0,3],"6":[0,0]},"f":{"1":3,"2":3,"3":3,"4":3,"5":0},"fnMap":{"1":{"name":"(anonymous_1)","line":8,"loc":{"start":{"line":8,"column":16},"end":{"line":8,"column":42}}},"2":{"name":"(anonymous_2)","line":15,"loc":{"start":{"line":15,"column":50},"end":{"line":15,"column":81}}},"3":{"name":"(anonymous_3)","line":17,"loc":{"start":{"line":17,"column":52},"end":{"line":17,"column":83}}},"4":{"name":"(anonymous_4)","line":19,"loc":{"start":{"line":19,"column":21},"end":{"line":19,"column":55}}},"5":{"name":"(anonymous_5)","line":29,"loc":{"start":{"line":29,"column":41},"end":{"line":29,"column":64}}}},"statementMap":{"1":{"start":{"line":1,"column":0},"end":{"line":5,"column":27}},"2":{"start":{"line":8,"column":0},"end":{"line":41,"column":3}},"3":{"start":{"line":9,"column":1},"end":{"line":13,"column":2}},"4":{"start":{"line":10,"column":2},"end":{"line":10,"column":20}},"5":{"start":{"line":12,"column":2},"end":{"line":12,"column":21}},"6":{"start":{"line":15,"column":1},"end":{"line":40,"column":13}},"7":{"start":{"line":16,"column":2},"end":{"line":16,"column":21}},"8":{"start":{"line":16,"column":11},"end":{"line":16,"column":21}},"9":{"start":{"line":17,"column":2},"end":{"line":39,"column":14}},"10":{"start":{"line":18,"column":3},"end":{"line":18,"column":22}},"11":{"start":{"line":18,"column":12},"end":{"line":18,"column":22}},"12":{"start":{"line":19,"column":3},"end":{"line":27,"column":5}},"13":{"start":{"line":20,"column":4},"end":{"line":20,"column":23}},"14":{"start":{"line":20,"column":13},"end":{"line":20,"column":23}},"15":{"start":{"line":21,"column":4},"end":{"line":26,"column":7}},"16":{"start":{"line":28,"column":3},"end":{"line":38,"column":4}},"17":{"start":{"line":29,"column":4},"end":{"line":35,"column":7}},"18":{"start":{"line":30,"column":5},"end":{"line":34,"column":6}},"19":{"start":{"line":31,"column":6},"end":{"line":31,"column":44}},"20":{"start":{"line":33,"column":6},"end":{"line":33,"column":78}},"21":{"start":{"line":37,"column":4},"end":{"line":37,"column":42}},"22":{"start":{"line":43,"column":0},"end":{"line":43,"column":24}}},"branchMap":{"1":{"line":9,"type":"if","locations":[{"start":{"line":9,"column":1},"end":{"line":9,"column":1}},{"start":{"line":9,"column":1},"end":{"line":9,"column":1}}]},"2":{"line":16,"type":"if","locations":[{"start":{"line":16,"column":2},"end":{"line":16,"column":2}},{"start":{"line":16,"column":2},"end":{"line":16,"column":2}}]},"3":{"line":18,"type":"if","locations":[{"start":{"line":18,"column":3},"end":{"line":18,"column":3}},{"start":{"line":18,"column":3},"end":{"line":18,"column":3}}]},"4":{"line":20,"type":"if","locations":[{"start":{"line":20,"column":4},"end":{"line":20,"column":4}},{"start":{"line":20,"column":4},"end":{"line":20,"column":4}}]},"5":{"line":28,"type":"if","locations":[{"start":{"line":28,"column":3},"end":{"line":28,"column":3}},{"start":{"line":28,"column":3},"end":{"line":28,"column":3}}]},"6":{"line":30,"type":"if","locations":[{"start":{"line":30,"column":5},"end":{"line":30,"column":5}},{"start":{"line":30,"column":5},"end":{"line":30,"column":5}}]}}},"/home/bruno/LDSO/routes/users.js":{"path":"/home/bruno/LDSO/routes/users.js","s":{"1":1,"2":0,"3":0,"4":0,"5":1,"6":13,"7":13,"8":0,"9":13,"10":1,"11":12,"12":11,"13":11,"14":11,"15":11,"16":11,"17":1,"18":1,"19":0,"20":0,"21":0,"22":0,"23":0,"24":0,"25":0,"26":0,"27":0,"28":0,"29":0,"30":0,"31":0,"32":0,"33":0,"34":0,"35":0,"36":0,"37":0,"38":0,"39":0,"40":0,"41":0,"42":0,"43":1,"44":0,"45":0,"46":1,"47":2,"48":2,"49":0,"50":2,"51":1,"52":1,"53":1,"54":0,"55":1,"56":1,"57":0,"58":1,"59":0,"60":1,"61":1,"62":1,"63":1,"64":1,"65":1,"66":1,"67":0,"68":0,"69":0,"70":0,"71":0,"72":0,"73":0,"74":0,"75":0,"76":0,"77":0,"78":0,"79":0,"80":0,"81":0,"82":0,"83":0,"84":0,"85":0,"86":0,"87":0,"88":0,"89":0,"90":0,"91":0,"92":0,"93":0,"94":0,"95":1,"96":0,"97":0,"98":0,"99":0,"100":0,"101":0,"102":0,"103":0,"104":0,"105":0,"106":1,"107":0,"108":0,"109":0,"110":0,"111":0,"112":0,"113":0,"114":0,"115":0,"116":0,"117":1,"118":0,"119":0,"120":0,"121":0,"122":0,"123":0,"124":0,"125":0,"126":0,"127":0,"128":1},"b":{"1":[0,0],"2":[0,13],"3":[1,12],"4":[11,1],"5":[12,11,0],"6":[0,0],"7":[0,0],"8":[0,0],"9":[0,0],"10":[0,0],"11":[0,0],"12":[0,0],"13":[0,0],"14":[0,0],"15":[0,2],"16":[1,1],"17":[0,1],"18":[0,1],"19":[0,1],"20":[0,0],"21":[0,0],"22":[0,0],"23":[0,0],"24":[0,0,0,0],"25":[0,0],"26":[0,0],"27":[0,0],"28":[0,0],"29":[0,0],"30":[0,0],"31":[0,0],"32":[0,0],"33":[0,0],"34":[0,0],"35":[0,0],"36":[0,0],"37":[0,0],"38":[0,0],"39":[0,0]},"f":{"1":0,"2":13,"3":13,"4":0,"5":0,"6":0,"7":0,"8":0,"9":0,"10":2,"11":2,"12":1,"13":1,"14":0,"15":0,"16":0,"17":0,"18":0,"19":0,"20":0,"21":0,"22":0},"fnMap":{"1":{"name":"(anonymous_1)","line":9,"loc":{"start":{"line":9,"column":14},"end":{"line":9,"column":39}}},"2":{"name":"(anonymous_2)","line":18,"loc":{"start":{"line":18,"column":23},"end":{"line":18,"column":49}}},"3":{"name":"(anonymous_3)","line":19,"loc":{"start":{"line":19,"column":57},"end":{"line":19,"column":78}}},"4":{"name":"(anonymous_4)","line":41,"loc":{"start":{"line":41,"column":32},"end":{"line":41,"column":58}}},"5":{"name":"(anonymous_5)","line":42,"loc":{"start":{"line":42,"column":57},"end":{"line":42,"column":78}}},"6":{"name":"(anonymous_6)","line":51,"loc":{"start":{"line":51,"column":7},"end":{"line":51,"column":22}}},"7":{"name":"(anonymous_7)","line":55,"loc":{"start":{"line":55,"column":62},"end":{"line":55,"column":83}}},"8":{"name":"(anonymous_8)","line":85,"loc":{"start":{"line":85,"column":22},"end":{"line":85,"column":48}}},"9":{"name":"(anonymous_9)","line":86,"loc":{"start":{"line":86,"column":21},"end":{"line":86,"column":33}}},"10":{"name":"(anonymous_10)","line":92,"loc":{"start":{"line":92,"column":25},"end":{"line":92,"column":51}}},"11":{"name":"(anonymous_11)","line":93,"loc":{"start":{"line":93,"column":57},"end":{"line":93,"column":78}}},"12":{"name":"(anonymous_12)","line":104,"loc":{"start":{"line":104,"column":7},"end":{"line":104,"column":22}}},"13":{"name":"(anonymous_13)","line":108,"loc":{"start":{"line":108,"column":62},"end":{"line":108,"column":83}}},"14":{"name":"(anonymous_14)","line":135,"loc":{"start":{"line":135,"column":45},"end":{"line":135,"column":71}}},"15":{"name":"(anonymous_15)","line":176,"loc":{"start":{"line":176,"column":4},"end":{"line":176,"column":23}}},"16":{"name":"(anonymous_16)","line":191,"loc":{"start":{"line":191,"column":51},"end":{"line":191,"column":77}}},"17":{"name":"(anonymous_17)","line":196,"loc":{"start":{"line":196,"column":4},"end":{"line":196,"column":23}}},"18":{"name":"(anonymous_18)","line":198,"loc":{"start":{"line":198,"column":26},"end":{"line":198,"column":38}}},"19":{"name":"(anonymous_19)","line":212,"loc":{"start":{"line":212,"column":47},"end":{"line":212,"column":73}}},"20":{"name":"(anonymous_20)","line":217,"loc":{"start":{"line":217,"column":4},"end":{"line":217,"column":23}}},"21":{"name":"(anonymous_21)","line":232,"loc":{"start":{"line":232,"column":49},"end":{"line":232,"column":75}}},"22":{"name":"(anonymous_22)","line":237,"loc":{"start":{"line":237,"column":4},"end":{"line":237,"column":23}}}},"statementMap":{"1":{"start":{"line":1,"column":0},"end":{"line":15,"column":4}},"2":{"start":{"line":10,"column":3},"end":{"line":12,"column":4}},"3":{"start":{"line":11,"column":4},"end":{"line":11,"column":58}},"4":{"start":{"line":13,"column":3},"end":{"line":13,"column":18}},"5":{"start":{"line":18,"column":0},"end":{"line":38,"column":3}},"6":{"start":{"line":19,"column":1},"end":{"line":37,"column":4}},"7":{"start":{"line":20,"column":2},"end":{"line":36,"column":3}},"8":{"start":{"line":21,"column":3},"end":{"line":21,"column":13}},"9":{"start":{"line":23,"column":3},"end":{"line":35,"column":4}},"10":{"start":{"line":24,"column":4},"end":{"line":24,"column":34}},"11":{"start":{"line":26,"column":4},"end":{"line":34,"column":5}},"12":{"start":{"line":27,"column":5},"end":{"line":27,"column":34}},"13":{"start":{"line":28,"column":5},"end":{"line":28,"column":36}},"14":{"start":{"line":29,"column":5},"end":{"line":29,"column":35}},"15":{"start":{"line":30,"column":5},"end":{"line":30,"column":40}},"16":{"start":{"line":31,"column":5},"end":{"line":31,"column":88}},"17":{"start":{"line":33,"column":5},"end":{"line":33,"column":35}},"18":{"start":{"line":41,"column":0},"end":{"line":82,"column":3}},"19":{"start":{"line":42,"column":1},"end":{"line":81,"column":4}},"20":{"start":{"line":43,"column":2},"end":{"line":80,"column":3}},"21":{"start":{"line":44,"column":3},"end":{"line":44,"column":13}},"22":{"start":{"line":46,"column":3},"end":{"line":79,"column":4}},"23":{"start":{"line":47,"column":4},"end":{"line":71,"column":7}},"24":{"start":{"line":52,"column":5},"end":{"line":70,"column":6}},"25":{"start":{"line":53,"column":6},"end":{"line":53,"column":16}},"26":{"start":{"line":55,"column":6},"end":{"line":69,"column":9}},"27":{"start":{"line":56,"column":7},"end":{"line":68,"column":8}},"28":{"start":{"line":57,"column":8},"end":{"line":57,"column":18}},"29":{"start":{"line":59,"column":8},"end":{"line":67,"column":9}},"30":{"start":{"line":60,"column":9},"end":{"line":60,"column":39}},"31":{"start":{"line":61,"column":15},"end":{"line":67,"column":9}},"32":{"start":{"line":62,"column":9},"end":{"line":62,"column":38}},"33":{"start":{"line":63,"column":9},"end":{"line":63,"column":40}},"34":{"start":{"line":64,"column":9},"end":{"line":64,"column":39}},"35":{"start":{"line":65,"column":9},"end":{"line":65,"column":44}},"36":{"start":{"line":66,"column":9},"end":{"line":66,"column":92}},"37":{"start":{"line":73,"column":10},"end":{"line":79,"column":4}},"38":{"start":{"line":74,"column":4},"end":{"line":74,"column":33}},"39":{"start":{"line":75,"column":4},"end":{"line":75,"column":35}},"40":{"start":{"line":76,"column":4},"end":{"line":76,"column":34}},"41":{"start":{"line":77,"column":4},"end":{"line":77,"column":39}},"42":{"start":{"line":78,"column":4},"end":{"line":78,"column":87}},"43":{"start":{"line":85,"column":0},"end":{"line":89,"column":3}},"44":{"start":{"line":86,"column":1},"end":{"line":88,"column":4}},"45":{"start":{"line":87,"column":2},"end":{"line":87,"column":40}},"46":{"start":{"line":92,"column":0},"end":{"line":131,"column":3}},"47":{"start":{"line":93,"column":1},"end":{"line":130,"column":4}},"48":{"start":{"line":94,"column":2},"end":{"line":129,"column":3}},"49":{"start":{"line":95,"column":3},"end":{"line":95,"column":13}},"50":{"start":{"line":97,"column":3},"end":{"line":128,"column":4}},"51":{"start":{"line":98,"column":4},"end":{"line":98,"column":54}},"52":{"start":{"line":100,"column":4},"end":{"line":124,"column":7}},"53":{"start":{"line":105,"column":5},"end":{"line":123,"column":6}},"54":{"start":{"line":106,"column":6},"end":{"line":106,"column":16}},"55":{"start":{"line":108,"column":6},"end":{"line":122,"column":9}},"56":{"start":{"line":109,"column":7},"end":{"line":121,"column":8}},"57":{"start":{"line":110,"column":8},"end":{"line":110,"column":18}},"58":{"start":{"line":112,"column":8},"end":{"line":120,"column":9}},"59":{"start":{"line":113,"column":9},"end":{"line":113,"column":39}},"60":{"start":{"line":115,"column":9},"end":{"line":115,"column":38}},"61":{"start":{"line":116,"column":9},"end":{"line":116,"column":40}},"62":{"start":{"line":117,"column":9},"end":{"line":117,"column":39}},"63":{"start":{"line":118,"column":9},"end":{"line":118,"column":44}},"64":{"start":{"line":119,"column":9},"end":{"line":119,"column":92}},"65":{"start":{"line":127,"column":4},"end":{"line":127,"column":34}},"66":{"start":{"line":135,"column":0},"end":{"line":188,"column":3}},"67":{"start":{"line":136,"column":1},"end":{"line":187,"column":2}},"68":{"start":{"line":137,"column":2},"end":{"line":184,"column":3}},"69":{"start":{"line":138,"column":3},"end":{"line":147,"column":4}},"70":{"start":{"line":139,"column":4},"end":{"line":141,"column":5}},"71":{"start":{"line":140,"column":5},"end":{"line":140,"column":61}},"72":{"start":{"line":142,"column":4},"end":{"line":145,"column":5}},"73":{"start":{"line":143,"column":5},"end":{"line":143,"column":95}},"74":{"start":{"line":144,"column":5},"end":{"line":144,"column":70}},"75":{"start":{"line":146,"column":4},"end":{"line":146,"column":75}},"76":{"start":{"line":149,"column":3},"end":{"line":152,"column":4}},"77":{"start":{"line":150,"column":4},"end":{"line":150,"column":94}},"78":{"start":{"line":151,"column":4},"end":{"line":151,"column":94}},"79":{"start":{"line":153,"column":3},"end":{"line":156,"column":4}},"80":{"start":{"line":154,"column":4},"end":{"line":154,"column":106}},"81":{"start":{"line":155,"column":4},"end":{"line":155,"column":104}},"82":{"start":{"line":158,"column":3},"end":{"line":158,"column":39}},"83":{"start":{"line":159,"column":3},"end":{"line":163,"column":4}},"84":{"start":{"line":160,"column":4},"end":{"line":160,"column":24}},"85":{"start":{"line":161,"column":4},"end":{"line":161,"column":74}},"86":{"start":{"line":162,"column":4},"end":{"line":162,"column":11}},"87":{"start":{"line":164,"column":3},"end":{"line":181,"column":7}},"88":{"start":{"line":177,"column":5},"end":{"line":180,"column":6}},"89":{"start":{"line":177,"column":16},"end":{"line":177,"column":33}},"90":{"start":{"line":177,"column":34},"end":{"line":177,"column":54}},"91":{"start":{"line":178,"column":6},"end":{"line":178,"column":24}},"92":{"start":{"line":179,"column":6},"end":{"line":179,"column":31}},"93":{"start":{"line":183,"column":3},"end":{"line":183,"column":23}},"94":{"start":{"line":186,"column":2},"end":{"line":186,"column":22}},"95":{"start":{"line":191,"column":0},"end":{"line":209,"column":3}},"96":{"start":{"line":192,"column":1},"end":{"line":208,"column":2}},"97":{"start":{"line":193,"column":2},"end":{"line":205,"column":3}},"98":{"start":{"line":194,"column":3},"end":{"line":202,"column":7}},"99":{"start":{"line":197,"column":5},"end":{"line":201,"column":6}},"100":{"start":{"line":197,"column":16},"end":{"line":197,"column":33}},"101":{"start":{"line":197,"column":34},"end":{"line":197,"column":54}},"102":{"start":{"line":198,"column":6},"end":{"line":200,"column":9}},"103":{"start":{"line":199,"column":7},"end":{"line":199,"column":45}},"104":{"start":{"line":204,"column":3},"end":{"line":204,"column":23}},"105":{"start":{"line":207,"column":2},"end":{"line":207,"column":22}},"106":{"start":{"line":212,"column":0},"end":{"line":229,"column":3}},"107":{"start":{"line":213,"column":1},"end":{"line":228,"column":2}},"108":{"start":{"line":214,"column":2},"end":{"line":225,"column":3}},"109":{"start":{"line":215,"column":3},"end":{"line":222,"column":7}},"110":{"start":{"line":218,"column":5},"end":{"line":221,"column":6}},"111":{"start":{"line":218,"column":16},"end":{"line":218,"column":33}},"112":{"start":{"line":218,"column":34},"end":{"line":218,"column":54}},"113":{"start":{"line":219,"column":6},"end":{"line":219,"column":24}},"114":{"start":{"line":220,"column":6},"end":{"line":220,"column":26}},"115":{"start":{"line":224,"column":3},"end":{"line":224,"column":23}},"116":{"start":{"line":227,"column":2},"end":{"line":227,"column":22}},"117":{"start":{"line":232,"column":0},"end":{"line":249,"column":3}},"118":{"start":{"line":233,"column":1},"end":{"line":248,"column":2}},"119":{"start":{"line":234,"column":2},"end":{"line":245,"column":3}},"120":{"start":{"line":235,"column":3},"end":{"line":242,"column":7}},"121":{"start":{"line":238,"column":5},"end":{"line":241,"column":6}},"122":{"start":{"line":238,"column":16},"end":{"line":238,"column":33}},"123":{"start":{"line":238,"column":34},"end":{"line":238,"column":54}},"124":{"start":{"line":239,"column":6},"end":{"line":239,"column":24}},"125":{"start":{"line":240,"column":6},"end":{"line":240,"column":26}},"126":{"start":{"line":244,"column":3},"end":{"line":244,"column":23}},"127":{"start":{"line":247,"column":2},"end":{"line":247,"column":22}},"128":{"start":{"line":251,"column":0},"end":{"line":251,"column":24}}},"branchMap":{"1":{"line":10,"type":"if","locations":[{"start":{"line":10,"column":3},"end":{"line":10,"column":3}},{"start":{"line":10,"column":3},"end":{"line":10,"column":3}}]},"2":{"line":20,"type":"if","locations":[{"start":{"line":20,"column":2},"end":{"line":20,"column":2}},{"start":{"line":20,"column":2},"end":{"line":20,"column":2}}]},"3":{"line":23,"type":"if","locations":[{"start":{"line":23,"column":3},"end":{"line":23,"column":3}},{"start":{"line":23,"column":3},"end":{"line":23,"column":3}}]},"4":{"line":26,"type":"if","locations":[{"start":{"line":26,"column":4},"end":{"line":26,"column":4}},{"start":{"line":26,"column":4},"end":{"line":26,"column":4}}]},"5":{"line":26,"type":"binary-expr","locations":[{"start":{"line":26,"column":8},"end":{"line":26,"column":60}},{"start":{"line":26,"column":65},"end":{"line":26,"column":88}},{"start":{"line":26,"column":92},"end":{"line":26,"column":117}}]},"6":{"line":43,"type":"if","locations":[{"start":{"line":43,"column":2},"end":{"line":43,"column":2}},{"start":{"line":43,"column":2},"end":{"line":43,"column":2}}]},"7":{"line":46,"type":"if","locations":[{"start":{"line":46,"column":3},"end":{"line":46,"column":3}},{"start":{"line":46,"column":3},"end":{"line":46,"column":3}}]},"8":{"line":52,"type":"if","locations":[{"start":{"line":52,"column":5},"end":{"line":52,"column":5}},{"start":{"line":52,"column":5},"end":{"line":52,"column":5}}]},"9":{"line":56,"type":"if","locations":[{"start":{"line":56,"column":7},"end":{"line":56,"column":7}},{"start":{"line":56,"column":7},"end":{"line":56,"column":7}}]},"10":{"line":59,"type":"if","locations":[{"start":{"line":59,"column":8},"end":{"line":59,"column":8}},{"start":{"line":59,"column":8},"end":{"line":59,"column":8}}]},"11":{"line":61,"type":"if","locations":[{"start":{"line":61,"column":15},"end":{"line":61,"column":15}},{"start":{"line":61,"column":15},"end":{"line":61,"column":15}}]},"12":{"line":61,"type":"binary-expr","locations":[{"start":{"line":61,"column":19},"end":{"line":61,"column":42}},{"start":{"line":61,"column":46},"end":{"line":61,"column":71}}]},"13":{"line":73,"type":"if","locations":[{"start":{"line":73,"column":10},"end":{"line":73,"column":10}},{"start":{"line":73,"column":10},"end":{"line":73,"column":10}}]},"14":{"line":73,"type":"binary-expr","locations":[{"start":{"line":73,"column":14},"end":{"line":73,"column":37}},{"start":{"line":73,"column":41},"end":{"line":73,"column":66}}]},"15":{"line":94,"type":"if","locations":[{"start":{"line":94,"column":2},"end":{"line":94,"column":2}},{"start":{"line":94,"column":2},"end":{"line":94,"column":2}}]},"16":{"line":97,"type":"if","locations":[{"start":{"line":97,"column":3},"end":{"line":97,"column":3}},{"start":{"line":97,"column":3},"end":{"line":97,"column":3}}]},"17":{"line":105,"type":"if","locations":[{"start":{"line":105,"column":5},"end":{"line":105,"column":5}},{"start":{"line":105,"column":5},"end":{"line":105,"column":5}}]},"18":{"line":109,"type":"if","locations":[{"start":{"line":109,"column":7},"end":{"line":109,"column":7}},{"start":{"line":109,"column":7},"end":{"line":109,"column":7}}]},"19":{"line":112,"type":"if","locations":[{"start":{"line":112,"column":8},"end":{"line":112,"column":8}},{"start":{"line":112,"column":8},"end":{"line":112,"column":8}}]},"20":{"line":136,"type":"if","locations":[{"start":{"line":136,"column":1},"end":{"line":136,"column":1}},{"start":{"line":136,"column":1},"end":{"line":136,"column":1}}]},"21":{"line":137,"type":"if","locations":[{"start":{"line":137,"column":2},"end":{"line":137,"column":2}},{"start":{"line":137,"column":2},"end":{"line":137,"column":2}}]},"22":{"line":137,"type":"binary-expr","locations":[{"start":{"line":137,"column":5},"end":{"line":137,"column":44}},{"start":{"line":137,"column":48},"end":{"line":137,"column":67}}]},"23":{"line":138,"type":"if","locations":[{"start":{"line":138,"column":3},"end":{"line":138,"column":3}},{"start":{"line":138,"column":3},"end":{"line":138,"column":3}}]},"24":{"line":138,"type":"binary-expr","locations":[{"start":{"line":138,"column":7},"end":{"line":138,"column":21}},{"start":{"line":138,"column":25},"end":{"line":138,"column":60}},{"start":{"line":138,"column":66},"end":{"line":138,"column":86}},{"start":{"line":138,"column":90},"end":{"line":138,"column":111}}]},"25":{"line":139,"type":"if","locations":[{"start":{"line":139,"column":4},"end":{"line":139,"column":4}},{"start":{"line":139,"column":4},"end":{"line":139,"column":4}}]},"26":{"line":142,"type":"if","locations":[{"start":{"line":142,"column":4},"end":{"line":142,"column":4}},{"start":{"line":142,"column":4},"end":{"line":142,"column":4}}]},"27":{"line":149,"type":"if","locations":[{"start":{"line":149,"column":3},"end":{"line":149,"column":3}},{"start":{"line":149,"column":3},"end":{"line":149,"column":3}}]},"28":{"line":153,"type":"if","locations":[{"start":{"line":153,"column":3},"end":{"line":153,"column":3}},{"start":{"line":153,"column":3},"end":{"line":153,"column":3}}]},"29":{"line":159,"type":"if","locations":[{"start":{"line":159,"column":3},"end":{"line":159,"column":3}},{"start":{"line":159,"column":3},"end":{"line":159,"column":3}}]},"30":{"line":177,"type":"if","locations":[{"start":{"line":177,"column":5},"end":{"line":177,"column":5}},{"start":{"line":177,"column":5},"end":{"line":177,"column":5}}]},"31":{"line":192,"type":"if","locations":[{"start":{"line":192,"column":1},"end":{"line":192,"column":1}},{"start":{"line":192,"column":1},"end":{"line":192,"column":1}}]},"32":{"line":193,"type":"if","locations":[{"start":{"line":193,"column":2},"end":{"line":193,"column":2}},{"start":{"line":193,"column":2},"end":{"line":193,"column":2}}]},"33":{"line":197,"type":"if","locations":[{"start":{"line":197,"column":5},"end":{"line":197,"column":5}},{"start":{"line":197,"column":5},"end":{"line":197,"column":5}}]},"34":{"line":213,"type":"if","locations":[{"start":{"line":213,"column":1},"end":{"line":213,"column":1}},{"start":{"line":213,"column":1},"end":{"line":213,"column":1}}]},"35":{"line":214,"type":"if","locations":[{"start":{"line":214,"column":2},"end":{"line":214,"column":2}},{"start":{"line":214,"column":2},"end":{"line":214,"column":2}}]},"36":{"line":218,"type":"if","locations":[{"start":{"line":218,"column":5},"end":{"line":218,"column":5}},{"start":{"line":218,"column":5},"end":{"line":218,"column":5}}]},"37":{"line":233,"type":"if","locations":[{"start":{"line":233,"column":1},"end":{"line":233,"column":1}},{"start":{"line":233,"column":1},"end":{"line":233,"column":1}}]},"38":{"line":234,"type":"if","locations":[{"start":{"line":234,"column":2},"end":{"line":234,"column":2}},{"start":{"line":234,"column":2},"end":{"line":234,"column":2}}]},"39":{"line":238,"type":"if","locations":[{"start":{"line":238,"column":5},"end":{"line":238,"column":5}},{"start":{"line":238,"column":5},"end":{"line":238,"column":5}}]}}},"/home/bruno/LDSO/routes/campaigns.js":{"path":"/home/bruno/LDSO/routes/campaigns.js","s":{"1":1,"2":0,"3":0,"4":0,"5":1,"6":0,"7":0,"8":0,"9":0,"10":0,"11":0,"12":0,"13":0,"14":0,"15":0,"16":0,"17":0,"18":0,"19":0,"20":0,"21":0,"22":0,"23":0,"24":0,"25":0,"26":0,"27":0,"28":0,"29":0,"30":0,"31":0,"32":0,"33":0,"34":0,"35":0,"36":0,"37":0,"38":0,"39":0,"40":0,"41":0,"42":0,"43":0,"44":0,"45":0,"46":0,"47":0,"48":0,"49":0,"50":0,"51":0,"52":0,"53":1,"54":0,"55":0,"56":0,"57":0,"58":0,"59":0,"60":0,"61":1,"62":0,"63":0,"64":0,"65":0,"66":0,"67":0,"68":0,"69":0,"70":0,"71":0,"72":0,"73":0,"74":0,"75":1,"76":0,"77":0,"78":0,"79":0,"80":0,"81":0,"82":0,"83":0,"84":0,"85":0,"86":0,"87":0,"88":0,"89":1,"90":0,"91":0,"92":0,"93":0,"94":0,"95":0,"96":0,"97":0,"98":0,"99":0,"100":0,"101":0,"102":0,"103":1,"104":0,"105":0,"106":0,"107":0,"108":0,"109":0,"110":0,"111":0,"112":0,"113":0,"114":1,"115":0,"116":0,"117":0,"118":0,"119":0,"120":0,"121":0,"122":0,"123":0,"124":0,"125":1,"126":0,"127":0,"128":0,"129":0,"130":0,"131":0,"132":0,"133":0,"134":0,"135":0,"136":1,"137":0,"138":0,"139":0,"140":0,"141":0,"142":0,"143":0,"144":0,"145":0,"146":0,"147":1,"148":2,"149":1,"150":1,"151":1,"152":1,"153":1,"154":1,"155":1,"156":1,"157":1,"158":1,"159":1,"160":0,"161":0,"162":1,"163":1,"164":1,"165":1,"166":0,"167":1,"168":0,"169":0,"170":1,"171":1,"172":4,"173":3,"174":3,"175":3,"176":3,"177":3,"178":2,"179":3,"180":3,"181":3,"182":0,"183":3,"184":1,"185":1,"186":0,"187":0,"188":0,"189":1,"190":1,"191":0,"192":0,"193":0,"194":0,"195":0,"196":0,"197":0,"198":0,"199":0,"200":0,"201":0,"202":0,"203":0,"204":0,"205":0,"206":0,"207":0,"208":0,"209":0,"210":0,"211":0,"212":1,"213":1,"214":0,"215":0,"216":0,"217":0,"218":0,"219":1,"220":0,"221":0,"222":0,"223":0,"224":1,"225":4,"226":4,"227":3,"228":3,"229":1,"230":1,"231":4,"232":4,"233":0,"234":0,"235":0,"236":4,"237":4,"238":0,"239":4,"240":0,"241":0,"242":4,"243":4,"244":4,"245":4,"246":4,"247":4,"248":4,"249":4,"250":4,"251":0,"252":0,"253":0,"254":0,"255":0,"256":0,"257":0,"258":0,"259":0,"260":0,"261":0,"262":0,"263":0,"264":0,"265":0,"266":0,"267":4,"268":3,"269":1,"270":2,"271":1,"272":4,"273":1,"274":2,"275":1,"276":0,"277":0,"278":0,"279":0,"280":0,"281":0,"282":0,"283":0,"284":0,"285":0,"286":0,"287":0,"288":0,"289":0,"290":0,"291":0,"292":1,"293":3,"294":2,"295":2,"296":1,"297":1,"298":1,"299":1,"300":1},"b":{"1":[0,0],"2":[0,0],"3":[0,0],"4":[0,0],"5":[0,0],"6":[0,0],"7":[0,0],"8":[0,0],"9":[0,0],"10":[0,0],"11":[0,0],"12":[0,0],"13":[0,0],"14":[0,0],"15":[0,0],"16":[0,0],"17":[0,0],"18":[0,0],"19":[0,0],"20":[0,0],"21":[0,0],"22":[0,0],"23":[0,0],"24":[0,0],"25":[0,0],"26":[0,0],"27":[0,0],"28":[0,0],"29":[0,0],"30":[0,0],"31":[0,0],"32":[0,0],"33":[0,0],"34":[0,0],"35":[0,0],"36":[0,0],"37":[0,0],"38":[0,0],"39":[0,0],"40":[0,0],"41":[0,0],"42":[0,0],"43":[0,0],"44":[0,0],"45":[0,0],"46":[0,0],"47":[0,0],"48":[0,0],"49":[0,0],"50":[0,0],"51":[1,1],"52":[1,0],"53":[0,1],"54":[0,1],"55":[3,1],"56":[2,1],"57":[0,3],"58":[0,0],"59":[0,1],"60":[0,0],"61":[0,0],"62":[0,0],"63":[0,0],"64":[0,0],"65":[3,1],"66":[0,4],"67":[4,0],"68":[0,0],"69":[0,0],"70":[0,0],"71":[0,0],"72":[0,0],"73":[0,0],"74":[0,0],"75":[0,0],"76":[0,0],"77":[0,0],"78":[3,1],"79":[1,2],"80":[0,0],"81":[0,0],"82":[0,0],"83":[2,1],"84":[1,1]},"f":{"1":0,"2":0,"3":0,"4":0,"5":0,"6":0,"7":0,"8":0,"9":0,"10":0,"11":0,"12":0,"13":0,"14":0,"15":0,"16":0,"17":0,"18":0,"19":0,"20":0,"21":0,"22":0,"23":0,"24":0,"25":0,"26":0,"27":0,"28":0,"29":0,"30":0,"31":0,"32":0,"33":0,"34":0,"35":2,"36":1,"37":1,"38":1,"39":0,"40":4,"41":3,"42":3,"43":3,"44":0,"45":1,"46":0,"47":0,"48":0,"49":0,"50":0,"51":0,"52":4,"53":4,"54":0,"55":0,"56":2,"57":0,"58":0,"59":3,"60":2},"fnMap":{"1":{"name":"(anonymous_1)","line":11,"loc":{"start":{"line":11,"column":14},"end":{"line":11,"column":39}}},"2":{"name":"(anonymous_2)","line":20,"loc":{"start":{"line":20,"column":16},"end":{"line":20,"column":42}}},"3":{"name":"(anonymous_3)","line":36,"loc":{"start":{"line":36,"column":100},"end":{"line":36,"column":126}}},"4":{"name":"(anonymous_4)","line":42,"loc":{"start":{"line":42,"column":74},"end":{"line":42,"column":100}}},"5":{"name":"(anonymous_5)","line":62,"loc":{"start":{"line":62,"column":40},"end":{"line":62,"column":63}}},"6":{"name":"(anonymous_6)","line":69,"loc":{"start":{"line":69,"column":10},"end":{"line":69,"column":36}}},"7":{"name":"(anonymous_7)","line":78,"loc":{"start":{"line":78,"column":10},"end":{"line":78,"column":36}}},"8":{"name":"(anonymous_8)","line":108,"loc":{"start":{"line":108,"column":7},"end":{"line":108,"column":33}}},"9":{"name":"(anonymous_9)","line":114,"loc":{"start":{"line":114,"column":74},"end":{"line":114,"column":100}}},"10":{"name":"(anonymous_10)","line":123,"loc":{"start":{"line":123,"column":72},"end":{"line":123,"column":98}}},"11":{"name":"(anonymous_11)","line":132,"loc":{"start":{"line":132,"column":29},"end":{"line":132,"column":55}}},"12":{"name":"(anonymous_12)","line":139,"loc":{"start":{"line":139,"column":92},"end":{"line":139,"column":118}}},"13":{"name":"(anonymous_13)","line":147,"loc":{"start":{"line":147,"column":19},"end":{"line":147,"column":45}}},"14":{"name":"(anonymous_14)","line":164,"loc":{"start":{"line":164,"column":3},"end":{"line":164,"column":27}}},"15":{"name":"(anonymous_15)","line":174,"loc":{"start":{"line":174,"column":36},"end":{"line":174,"column":62}}},"16":{"name":"(anonymous_16)","line":176,"loc":{"start":{"line":176,"column":67},"end":{"line":176,"column":92}}},"17":{"name":"(anonymous_17)","line":183,"loc":{"start":{"line":183,"column":16},"end":{"line":183,"column":30}}},"18":{"name":"(anonymous_18)","line":190,"loc":{"start":{"line":190,"column":19},"end":{"line":190,"column":33}}},"19":{"name":"(anonymous_19)","line":216,"loc":{"start":{"line":216,"column":45},"end":{"line":216,"column":71}}},"20":{"name":"(anonymous_20)","line":218,"loc":{"start":{"line":218,"column":65},"end":{"line":218,"column":89}}},"21":{"name":"(anonymous_21)","line":225,"loc":{"start":{"line":225,"column":14},"end":{"line":225,"column":28}}},"22":{"name":"(anonymous_22)","line":232,"loc":{"start":{"line":232,"column":18},"end":{"line":232,"column":32}}},"23":{"name":"(anonymous_23)","line":259,"loc":{"start":{"line":259,"column":46},"end":{"line":259,"column":71}}},"24":{"name":"(anonymous_24)","line":261,"loc":{"start":{"line":261,"column":65},"end":{"line":261,"column":89}}},"25":{"name":"(anonymous_25)","line":267,"loc":{"start":{"line":267,"column":17},"end":{"line":267,"column":31}}},"26":{"name":"(anonymous_26)","line":283,"loc":{"start":{"line":283,"column":44},"end":{"line":283,"column":69}}},"27":{"name":"(anonymous_27)","line":285,"loc":{"start":{"line":285,"column":65},"end":{"line":285,"column":89}}},"28":{"name":"(anonymous_28)","line":291,"loc":{"start":{"line":291,"column":17},"end":{"line":291,"column":31}}},"29":{"name":"(anonymous_29)","line":307,"loc":{"start":{"line":307,"column":55},"end":{"line":307,"column":80}}},"30":{"name":"(anonymous_30)","line":309,"loc":{"start":{"line":309,"column":61},"end":{"line":309,"column":83}}},"31":{"name":"(anonymous_31)","line":315,"loc":{"start":{"line":315,"column":15},"end":{"line":315,"column":29}}},"32":{"name":"(anonymous_32)","line":331,"loc":{"start":{"line":331,"column":53},"end":{"line":331,"column":78}}},"33":{"name":"(anonymous_33)","line":333,"loc":{"start":{"line":333,"column":61},"end":{"line":333,"column":83}}},"34":{"name":"(anonymous_34)","line":339,"loc":{"start":{"line":339,"column":15},"end":{"line":339,"column":29}}},"35":{"name":"(anonymous_35)","line":355,"loc":{"start":{"line":355,"column":35},"end":{"line":355,"column":61}}},"36":{"name":"(anonymous_36)","line":357,"loc":{"start":{"line":357,"column":94},"end":{"line":357,"column":119}}},"37":{"name":"(anonymous_37)","line":364,"loc":{"start":{"line":364,"column":17},"end":{"line":364,"column":31}}},"38":{"name":"(anonymous_38)","line":384,"loc":{"start":{"line":384,"column":18},"end":{"line":384,"column":32}}},"39":{"name":"(anonymous_39)","line":390,"loc":{"start":{"line":390,"column":12},"end":{"line":390,"column":24}}},"40":{"name":"(anonymous_40)","line":404,"loc":{"start":{"line":404,"column":35},"end":{"line":404,"column":61}}},"41":{"name":"(anonymous_41)","line":406,"loc":{"start":{"line":406,"column":92},"end":{"line":406,"column":117}}},"42":{"name":"(anonymous_42)","line":413,"loc":{"start":{"line":413,"column":15},"end":{"line":413,"column":29}}},"43":{"name":"(anonymous_43)","line":418,"loc":{"start":{"line":418,"column":18},"end":{"line":418,"column":32}}},"44":{"name":"(anonymous_44)","line":432,"loc":{"start":{"line":432,"column":22},"end":{"line":432,"column":48}}},"45":{"name":"(anonymous_45)","line":441,"loc":{"start":{"line":441,"column":23},"end":{"line":441,"column":49}}},"46":{"name":"(anonymous_46)","line":459,"loc":{"start":{"line":459,"column":44},"end":{"line":459,"column":59}}},"47":{"name":"(anonymous_47)","line":478,"loc":{"start":{"line":478,"column":7},"end":{"line":478,"column":32}}},"48":{"name":"(anonymous_48)","line":495,"loc":{"start":{"line":495,"column":21},"end":{"line":495,"column":47}}},"49":{"name":"(anonymous_49)","line":496,"loc":{"start":{"line":496,"column":80},"end":{"line":496,"column":106}}},"50":{"name":"(anonymous_50)","line":504,"loc":{"start":{"line":504,"column":29},"end":{"line":504,"column":55}}},"51":{"name":"(anonymous_51)","line":510,"loc":{"start":{"line":510,"column":2},"end":{"line":510,"column":28}}},"52":{"name":"(anonymous_52)","line":522,"loc":{"start":{"line":522,"column":27},"end":{"line":522,"column":53}}},"53":{"name":"(anonymous_53)","line":533,"loc":{"start":{"line":533,"column":231},"end":{"line":533,"column":256}}},"54":{"name":"(anonymous_54)","line":545,"loc":{"start":{"line":545,"column":37},"end":{"line":545,"column":50}}},"55":{"name":"(anonymous_55)","line":547,"loc":{"start":{"line":547,"column":12},"end":{"line":547,"column":39}}},"56":{"name":"(anonymous_56)","line":603,"loc":{"start":{"line":603,"column":32},"end":{"line":603,"column":58}}},"57":{"name":"(anonymous_57)","line":608,"loc":{"start":{"line":608,"column":32},"end":{"line":608,"column":58}}},"58":{"name":"(anonymous_58)","line":627,"loc":{"start":{"line":627,"column":9},"end":{"line":627,"column":34}}},"59":{"name":"(anonymous_59)","line":642,"loc":{"start":{"line":642,"column":37},"end":{"line":642,"column":63}}},"60":{"name":"(anonymous_60)","line":644,"loc":{"start":{"line":644,"column":113},"end":{"line":644,"column":138}}}},"statementMap":{"1":{"start":{"line":1,"column":0},"end":{"line":17,"column":4}},"2":{"start":{"line":12,"column":3},"end":{"line":14,"column":4}},"3":{"start":{"line":13,"column":4},"end":{"line":13,"column":58}},"4":{"start":{"line":15,"column":3},"end":{"line":15,"column":18}},"5":{"start":{"line":20,"column":0},"end":{"line":129,"column":3}},"6":{"start":{"line":21,"column":1},"end":{"line":25,"column":2}},"7":{"start":{"line":22,"column":2},"end":{"line":22,"column":20}},"8":{"start":{"line":24,"column":2},"end":{"line":24,"column":21}},"9":{"start":{"line":27,"column":1},"end":{"line":27,"column":23}},"10":{"start":{"line":28,"column":1},"end":{"line":30,"column":31}},"11":{"start":{"line":29,"column":2},"end":{"line":29,"column":50}},"12":{"start":{"line":30,"column":8},"end":{"line":30,"column":31}},"13":{"start":{"line":32,"column":1},"end":{"line":32,"column":32}},"14":{"start":{"line":33,"column":1},"end":{"line":128,"column":2}},"15":{"start":{"line":34,"column":2},"end":{"line":119,"column":3}},"16":{"start":{"line":35,"column":3},"end":{"line":46,"column":4}},"17":{"start":{"line":36,"column":4},"end":{"line":39,"column":32}},"18":{"start":{"line":37,"column":5},"end":{"line":37,"column":24}},"19":{"start":{"line":37,"column":14},"end":{"line":37,"column":24}},"20":{"start":{"line":38,"column":5},"end":{"line":38,"column":38}},"21":{"start":{"line":42,"column":4},"end":{"line":45,"column":32}},"22":{"start":{"line":43,"column":5},"end":{"line":43,"column":24}},"23":{"start":{"line":43,"column":14},"end":{"line":43,"column":24}},"24":{"start":{"line":44,"column":5},"end":{"line":44,"column":38}},"25":{"start":{"line":60,"column":7},"end":{"line":119,"column":3}},"26":{"start":{"line":61,"column":3},"end":{"line":87,"column":4}},"27":{"start":{"line":62,"column":4},"end":{"line":86,"column":7}},"28":{"start":{"line":63,"column":5},"end":{"line":85,"column":36}},"29":{"start":{"line":64,"column":6},"end":{"line":82,"column":7}},"30":{"start":{"line":65,"column":7},"end":{"line":72,"column":35}},"31":{"start":{"line":70,"column":8},"end":{"line":70,"column":27}},"32":{"start":{"line":70,"column":17},"end":{"line":70,"column":27}},"33":{"start":{"line":71,"column":8},"end":{"line":71,"column":41}},"34":{"start":{"line":75,"column":7},"end":{"line":81,"column":35}},"35":{"start":{"line":79,"column":8},"end":{"line":79,"column":27}},"36":{"start":{"line":79,"column":17},"end":{"line":79,"column":27}},"37":{"start":{"line":80,"column":8},"end":{"line":80,"column":41}},"38":{"start":{"line":83,"column":6},"end":{"line":83,"column":22}},"39":{"start":{"line":85,"column":10},"end":{"line":85,"column":36}},"40":{"start":{"line":104,"column":3},"end":{"line":118,"column":4}},"41":{"start":{"line":105,"column":4},"end":{"line":111,"column":32}},"42":{"start":{"line":109,"column":5},"end":{"line":109,"column":24}},"43":{"start":{"line":109,"column":14},"end":{"line":109,"column":24}},"44":{"start":{"line":110,"column":5},"end":{"line":110,"column":38}},"45":{"start":{"line":114,"column":4},"end":{"line":117,"column":32}},"46":{"start":{"line":115,"column":5},"end":{"line":115,"column":24}},"47":{"start":{"line":115,"column":14},"end":{"line":115,"column":24}},"48":{"start":{"line":116,"column":5},"end":{"line":116,"column":38}},"49":{"start":{"line":123,"column":2},"end":{"line":127,"column":30}},"50":{"start":{"line":124,"column":3},"end":{"line":124,"column":22}},"51":{"start":{"line":124,"column":12},"end":{"line":124,"column":22}},"52":{"start":{"line":126,"column":3},"end":{"line":126,"column":87}},"53":{"start":{"line":132,"column":0},"end":{"line":144,"column":3}},"54":{"start":{"line":133,"column":1},"end":{"line":137,"column":2}},"55":{"start":{"line":134,"column":2},"end":{"line":134,"column":20}},"56":{"start":{"line":136,"column":2},"end":{"line":136,"column":21}},"57":{"start":{"line":139,"column":1},"end":{"line":143,"column":37}},"58":{"start":{"line":140,"column":2},"end":{"line":140,"column":21}},"59":{"start":{"line":140,"column":11},"end":{"line":140,"column":21}},"60":{"start":{"line":142,"column":2},"end":{"line":142,"column":34}},"61":{"start":{"line":147,"column":0},"end":{"line":171,"column":3}},"62":{"start":{"line":148,"column":1},"end":{"line":152,"column":2}},"63":{"start":{"line":149,"column":2},"end":{"line":149,"column":20}},"64":{"start":{"line":151,"column":2},"end":{"line":151,"column":21}},"65":{"start":{"line":155,"column":1},"end":{"line":155,"column":46}},"66":{"start":{"line":156,"column":1},"end":{"line":170,"column":2}},"67":{"start":{"line":157,"column":2},"end":{"line":157,"column":52}},"68":{"start":{"line":158,"column":2},"end":{"line":158,"column":78}},"69":{"start":{"line":159,"column":8},"end":{"line":170,"column":2}},"70":{"start":{"line":160,"column":2},"end":{"line":160,"column":78}},"71":{"start":{"line":162,"column":2},"end":{"line":169,"column":6}},"72":{"start":{"line":165,"column":4},"end":{"line":167,"column":5}},"73":{"start":{"line":166,"column":5},"end":{"line":166,"column":51}},"74":{"start":{"line":168,"column":4},"end":{"line":168,"column":80}},"75":{"start":{"line":174,"column":0},"end":{"line":213,"column":3}},"76":{"start":{"line":175,"column":1},"end":{"line":212,"column":2}},"77":{"start":{"line":176,"column":2},"end":{"line":209,"column":5}},"78":{"start":{"line":177,"column":3},"end":{"line":177,"column":43}},"79":{"start":{"line":178,"column":3},"end":{"line":181,"column":6}},"80":{"start":{"line":183,"column":3},"end":{"line":208,"column":6}},"81":{"start":{"line":184,"column":4},"end":{"line":207,"column":5}},"82":{"start":{"line":185,"column":5},"end":{"line":185,"column":19}},"83":{"start":{"line":188,"column":5},"end":{"line":188,"column":41}},"84":{"start":{"line":190,"column":5},"end":{"line":206,"column":8}},"85":{"start":{"line":191,"column":6},"end":{"line":196,"column":7}},"86":{"start":{"line":192,"column":7},"end":{"line":192,"column":21}},"87":{"start":{"line":195,"column":7},"end":{"line":195,"column":25}},"88":{"start":{"line":211,"column":2},"end":{"line":211,"column":16}},"89":{"start":{"line":216,"column":0},"end":{"line":256,"column":3}},"90":{"start":{"line":217,"column":1},"end":{"line":255,"column":2}},"91":{"start":{"line":218,"column":2},"end":{"line":252,"column":5}},"92":{"start":{"line":219,"column":3},"end":{"line":219,"column":39}},"93":{"start":{"line":220,"column":3},"end":{"line":223,"column":6}},"94":{"start":{"line":225,"column":3},"end":{"line":251,"column":6}},"95":{"start":{"line":226,"column":4},"end":{"line":250,"column":5}},"96":{"start":{"line":227,"column":5},"end":{"line":227,"column":19}},"97":{"start":{"line":230,"column":5},"end":{"line":230,"column":37}},"98":{"start":{"line":232,"column":5},"end":{"line":249,"column":8}},"99":{"start":{"line":233,"column":6},"end":{"line":238,"column":7}},"100":{"start":{"line":234,"column":7},"end":{"line":234,"column":21}},"101":{"start":{"line":237,"column":7},"end":{"line":237,"column":23}},"102":{"start":{"line":254,"column":2},"end":{"line":254,"column":16}},"103":{"start":{"line":259,"column":0},"end":{"line":280,"column":3}},"104":{"start":{"line":260,"column":1},"end":{"line":279,"column":2}},"105":{"start":{"line":261,"column":2},"end":{"line":276,"column":5}},"106":{"start":{"line":262,"column":3},"end":{"line":275,"column":4}},"107":{"start":{"line":263,"column":4},"end":{"line":263,"column":18}},"108":{"start":{"line":266,"column":4},"end":{"line":266,"column":27}},"109":{"start":{"line":267,"column":4},"end":{"line":274,"column":7}},"110":{"start":{"line":268,"column":5},"end":{"line":273,"column":6}},"111":{"start":{"line":269,"column":6},"end":{"line":269,"column":20}},"112":{"start":{"line":272,"column":6},"end":{"line":272,"column":20}},"113":{"start":{"line":278,"column":2},"end":{"line":278,"column":16}},"114":{"start":{"line":283,"column":0},"end":{"line":304,"column":3}},"115":{"start":{"line":284,"column":1},"end":{"line":303,"column":2}},"116":{"start":{"line":285,"column":2},"end":{"line":300,"column":5}},"117":{"start":{"line":286,"column":3},"end":{"line":299,"column":4}},"118":{"start":{"line":287,"column":4},"end":{"line":287,"column":18}},"119":{"start":{"line":290,"column":4},"end":{"line":290,"column":33}},"120":{"start":{"line":291,"column":4},"end":{"line":298,"column":7}},"121":{"start":{"line":292,"column":5},"end":{"line":297,"column":6}},"122":{"start":{"line":293,"column":6},"end":{"line":293,"column":20}},"123":{"start":{"line":296,"column":6},"end":{"line":296,"column":20}},"124":{"start":{"line":302,"column":2},"end":{"line":302,"column":16}},"125":{"start":{"line":307,"column":0},"end":{"line":328,"column":3}},"126":{"start":{"line":308,"column":1},"end":{"line":327,"column":2}},"127":{"start":{"line":309,"column":2},"end":{"line":324,"column":5}},"128":{"start":{"line":310,"column":3},"end":{"line":323,"column":4}},"129":{"start":{"line":311,"column":4},"end":{"line":311,"column":18}},"130":{"start":{"line":314,"column":4},"end":{"line":314,"column":25}},"131":{"start":{"line":315,"column":4},"end":{"line":322,"column":7}},"132":{"start":{"line":316,"column":5},"end":{"line":321,"column":6}},"133":{"start":{"line":317,"column":6},"end":{"line":317,"column":20}},"134":{"start":{"line":320,"column":6},"end":{"line":320,"column":20}},"135":{"start":{"line":326,"column":2},"end":{"line":326,"column":16}},"136":{"start":{"line":331,"column":0},"end":{"line":352,"column":3}},"137":{"start":{"line":332,"column":1},"end":{"line":351,"column":2}},"138":{"start":{"line":333,"column":2},"end":{"line":348,"column":5}},"139":{"start":{"line":334,"column":3},"end":{"line":347,"column":4}},"140":{"start":{"line":335,"column":4},"end":{"line":335,"column":18}},"141":{"start":{"line":338,"column":4},"end":{"line":338,"column":31}},"142":{"start":{"line":339,"column":4},"end":{"line":346,"column":7}},"143":{"start":{"line":340,"column":5},"end":{"line":345,"column":6}},"144":{"start":{"line":341,"column":6},"end":{"line":341,"column":20}},"145":{"start":{"line":344,"column":6},"end":{"line":344,"column":20}},"146":{"start":{"line":350,"column":2},"end":{"line":350,"column":16}},"147":{"start":{"line":355,"column":0},"end":{"
[...]
ions":[{"start":{"line":334,"column":3},"end":{"line":334,"column":3}},{"start":{"line":334,"column":3},"end":{"line":334,"column":3}}]},"49":{"line":334,"type":"binary-expr","locations":[{"start":{"line":334,"column":7},"end":{"line":334,"column":10}},{"start":{"line":334,"column":14},"end":{"line":334,"column":46}}]},"50":{"line":340,"type":"if","locations":[{"start":{"line":340,"column":5},"end":{"line":340,"column":5}},{"start":{"line":340,"column":5},"end":{"line":340,"column":5}}]},"51":{"line":356,"type":"if","locations":[{"start":{"line":356,"column":1},"end":{"line":356,"column":1}},{"start":{"line":356,"column":1},"end":{"line":356,"column":1}}]},"52":{"line":365,"type":"if","locations":[{"start":{"line":365,"column":4},"end":{"line":365,"column":4}},{"start":{"line":365,"column":4},"end":{"line":365,"column":4}}]},"53":{"line":374,"type":"if","locations":[{"start":{"line":374,"column":5},"end":{"line":374,"column":5}},{"start":{"line":374,"column":5},"end":{"line":374,"column":5}}]},"54":{"line":385,"type":"if","locations":[{"start":{"line":385,"column":5},"end":{"line":385,"column":5}},{"start":{"line":385,"column":5},"end":{"line":385,"column":5}}]},"55":{"line":405,"type":"if","locations":[{"start":{"line":405,"column":1},"end":{"line":405,"column":1}},{"start":{"line":405,"column":1},"end":{"line":405,"column":1}}]},"56":{"line":414,"type":"if","locations":[{"start":{"line":414,"column":4},"end":{"line":414,"column":4}},{"start":{"line":414,"column":4},"end":{"line":414,"column":4}}]},"57":{"line":419,"type":"if","locations":[{"start":{"line":419,"column":5},"end":{"line":419,"column":5}},{"start":{"line":419,"column":5},"end":{"line":419,"column":5}}]},"58":{"line":433,"type":"if","locations":[{"start":{"line":433,"column":1},"end":{"line":433,"column":1}},{"start":{"line":433,"column":1},"end":{"line":433,"column":1}}]},"59":{"line":442,"type":"if","locations":[{"start":{"line":442,"column":1},"end":{"line":442,"column":1}},{"start":{"line":442,"column":1},"end":{"line":442,"column":1}}]},"60":{"line":453,"type":"if","locations":[{"start":{"line":453,"column":2},"end":{"line":453,"column":2}},{"start":{"line":453,"column":2},"end":{"line":453,"column":2}}]},"61":{"line":460,"type":"if","locations":[{"start":{"line":460,"column":3},"end":{"line":460,"column":3}},{"start":{"line":460,"column":3},"end":{"line":460,"column":3}}]},"62":{"line":479,"type":"if","locations":[{"start":{"line":479,"column":5},"end":{"line":479,"column":5}},{"start":{"line":479,"column":5},"end":{"line":479,"column":5}}]},"63":{"line":497,"type":"if","locations":[{"start":{"line":497,"column":2},"end":{"line":497,"column":2}},{"start":{"line":497,"column":2},"end":{"line":497,"column":2}}]},"64":{"line":511,"type":"if","locations":[{"start":{"line":511,"column":3},"end":{"line":511,"column":3}},{"start":{"line":511,"column":3},"end":{"line":511,"column":3}}]},"65":{"line":524,"type":"if","locations":[{"start":{"line":524,"column":1},"end":{"line":524,"column":1}},{"start":{"line":524,"column":1},"end":{"line":524,"column":1}}]},"66":{"line":534,"type":"if","locations":[{"start":{"line":534,"column":2},"end":{"line":534,"column":2}},{"start":{"line":534,"column":2},"end":{"line":534,"column":2}}]},"67":{"line":560,"type":"if","locations":[{"start":{"line":560,"column":2},"end":{"line":560,"column":2}},{"start":{"line":560,"column":2},"end":{"line":560,"column":2}}]},"68":{"line":563,"type":"if","locations":[{"start":{"line":563,"column":7},"end":{"line":563,"column":7}},{"start":{"line":563,"column":7},"end":{"line":563,"column":7}}]},"69":{"line":565,"type":"cond-expr","locations":[{"start":{"line":565,"column":20},"end":{"line":565,"column":48}},{"start":{"line":565,"column":51},"end":{"line":565,"column":80}}]},"70":{"line":567,"type":"if","locations":[{"start":{"line":567,"column":7},"end":{"line":567,"column":7}},{"start":{"line":567,"column":7},"end":{"line":567,"column":7}}]},"71":{"line":569,"type":"cond-expr","locations":[{"start":{"line":569,"column":21},"end":{"line":569,"column":49}},{"start":{"line":569,"column":52},"end":{"line":569,"column":82}}]},"72":{"line":571,"type":"if","locations":[{"start":{"line":571,"column":7},"end":{"line":571,"column":7}},{"start":{"line":571,"column":7},"end":{"line":571,"column":7}}]},"73":{"line":573,"type":"cond-expr","locations":[{"start":{"line":573,"column":19},"end":{"line":573,"column":47}},{"start":{"line":573,"column":50},"end":{"line":573,"column":79}}]},"74":{"line":575,"type":"if","locations":[{"start":{"line":575,"column":7},"end":{"line":575,"column":7}},{"start":{"line":575,"column":7},"end":{"line":575,"column":7}}]},"75":{"line":577,"type":"cond-expr","locations":[{"start":{"line":577,"column":20},"end":{"line":577,"column":49}},{"start":{"line":577,"column":52},"end":{"line":577,"column":82}}]},"76":{"line":579,"type":"if","locations":[{"start":{"line":579,"column":7},"end":{"line":579,"column":7}},{"start":{"line":579,"column":7},"end":{"line":579,"column":7}}]},"77":{"line":581,"type":"cond-expr","locations":[{"start":{"line":581,"column":22},"end":{"line":581,"column":53}},{"start":{"line":581,"column":56},"end":{"line":581,"column":88}}]},"78":{"line":587,"type":"if","locations":[{"start":{"line":587,"column":2},"end":{"line":587,"column":2}},{"start":{"line":587,"column":2},"end":{"line":587,"column":2}}]},"79":{"line":588,"type":"if","locations":[{"start":{"line":588,"column":3},"end":{"line":588,"column":3}},{"start":{"line":588,"column":3},"end":{"line":588,"column":3}}]},"80":{"line":609,"type":"if","locations":[{"start":{"line":609,"column":1},"end":{"line":609,"column":1}},{"start":{"line":609,"column":1},"end":{"line":609,"column":1}}]},"81":{"line":618,"type":"if","locations":[{"start":{"line":618,"column":2},"end":{"line":618,"column":2}},{"start":{"line":618,"column":2},"end":{"line":618,"column":2}}]},"82":{"line":628,"type":"if","locations":[{"start":{"line":628,"column":3},"end":{"line":628,"column":3}},{"start":{"line":628,"column":3},"end":{"line":628,"column":3}}]},"83":{"line":643,"type":"if","locations":[{"start":{"line":643,"column":1},"end":{"line":643,"column":1}},{"start":{"line":643,"column":1},"end":{"line":643,"column":1}}]},"84":{"line":645,"type":"if","locations":[{"start":{"line":645,"column":3},"end":{"line":645,"column":3}},{"start":{"line":645,"column":3},"end":{"line":645,"column":3}}]}}},"/home/bruno/LDSO/routes/admin.js":{"path":"/home/bruno/LDSO/routes/admin.js","s":{"1":1,"2":1,"3":0,"4":0,"5":0,"6":0,"7":0,"8":0,"9":0,"10":0,"11":0,"12":0,"13":0,"14":0,"15":0,"16":0,"17":0,"18":0,"19":0,"20":0,"21":0,"22":0,"23":0,"24":0,"25":0,"26":0,"27":0,"28":1,"29":0,"30":0,"31":0,"32":0,"33":0,"34":0,"35":0,"36":0,"37":0,"38":1,"39":0,"40":0,"41":0,"42":0,"43":0,"44":0,"45":0,"46":0,"47":0,"48":1,"49":0,"50":0,"51":0,"52":0,"53":0,"54":0,"55":0,"56":0,"57":0,"58":0,"59":0,"60":0,"61":0,"62":0,"63":0,"64":1},"b":{"1":[0,0],"2":[0,0],"3":[0,0],"4":[0,0],"5":[0,0],"6":[0,0],"7":[0,0],"8":[0,0],"9":[0,0],"10":[0,0],"11":[0,0],"12":[0,0],"13":[0,0],"14":[0,0],"15":[0,0],"16":[0,0],"17":[0,0],"18":[0,0],"19":[0,0]},"f":{"1":0,"2":0,"3":0,"4":0,"5":0,"6":0,"7":0,"8":0,"9":0,"10":0,"11":0,"12":0,"13":0,"14":0,"15":0,"16":0,"17":0,"18":0,"19":0,"20":0},"fnMap":{"1":{"name":"(anonymous_1)","line":10,"loc":{"start":{"line":10,"column":16},"end":{"line":10,"column":42}}},"2":{"name":"(anonymous_2)","line":11,"loc":{"start":{"line":11,"column":19},"end":{"line":11,"column":38}}},"3":{"name":"(anonymous_3)","line":13,"loc":{"start":{"line":13,"column":25},"end":{"line":13,"column":52}}},"4":{"name":"(anonymous_4)","line":15,"loc":{"start":{"line":15,"column":29},"end":{"line":15,"column":52}}},"5":{"name":"(anonymous_5)","line":17,"loc":{"start":{"line":17,"column":35},"end":{"line":17,"column":66}}},"6":{"name":"(anonymous_6)","line":19,"loc":{"start":{"line":19,"column":29},"end":{"line":19,"column":51}}},"7":{"name":"(anonymous_7)","line":21,"loc":{"start":{"line":21,"column":35},"end":{"line":21,"column":65}}},"8":{"name":"(anonymous_8)","line":23,"loc":{"start":{"line":23,"column":29},"end":{"line":23,"column":50}}},"9":{"name":"(anonymous_9)","line":25,"loc":{"start":{"line":25,"column":35},"end":{"line":25,"column":64}}},"10":{"name":"(anonymous_10)","line":46,"loc":{"start":{"line":46,"column":21},"end":{"line":46,"column":41}}},"11":{"name":"(anonymous_11)","line":48,"loc":{"start":{"line":48,"column":25},"end":{"line":48,"column":53}}},"12":{"name":"(anonymous_12)","line":53,"loc":{"start":{"line":53,"column":20},"end":{"line":53,"column":40}}},"13":{"name":"(anonymous_13)","line":61,"loc":{"start":{"line":61,"column":25},"end":{"line":61,"column":45}}},"14":{"name":"(anonymous_14)","line":63,"loc":{"start":{"line":63,"column":33},"end":{"line":63,"column":66}}},"15":{"name":"(anonymous_15)","line":68,"loc":{"start":{"line":68,"column":28},"end":{"line":68,"column":52}}},"16":{"name":"(anonymous_16)","line":76,"loc":{"start":{"line":76,"column":24},"end":{"line":76,"column":44}}},"17":{"name":"(anonymous_17)","line":78,"loc":{"start":{"line":78,"column":31},"end":{"line":78,"column":62}}},"18":{"name":"(anonymous_18)","line":80,"loc":{"start":{"line":80,"column":30},"end":{"line":80,"column":59}}},"19":{"name":"(anonymous_19)","line":86,"loc":{"start":{"line":86,"column":26},"end":{"line":86,"column":49}}},"20":{"name":"(anonymous_20)","line":88,"loc":{"start":{"line":88,"column":25},"end":{"line":88,"column":46}}}},"statementMap":{"1":{"start":{"line":1,"column":0},"end":{"line":7,"column":27}},"2":{"start":{"line":10,"column":0},"end":{"line":43,"column":3}},"3":{"start":{"line":11,"column":1},"end":{"line":42,"column":4}},"4":{"start":{"line":12,"column":2},"end":{"line":12,"column":31}},"5":{"start":{"line":12,"column":10},"end":{"line":12,"column":30}},"6":{"start":{"line":13,"column":2},"end":{"line":41,"column":5}},"7":{"start":{"line":14,"column":3},"end":{"line":14,"column":32}},"8":{"start":{"line":14,"column":11},"end":{"line":14,"column":31}},"9":{"start":{"line":15,"column":3},"end":{"line":40,"column":6}},"10":{"start":{"line":16,"column":4},"end":{"line":16,"column":33}},"11":{"start":{"line":16,"column":12},"end":{"line":16,"column":32}},"12":{"start":{"line":17,"column":4},"end":{"line":39,"column":7}},"13":{"start":{"line":18,"column":5},"end":{"line":18,"column":34}},"14":{"start":{"line":18,"column":13},"end":{"line":18,"column":33}},"15":{"start":{"line":19,"column":5},"end":{"line":38,"column":8}},"16":{"start":{"line":20,"column":6},"end":{"line":20,"column":35}},"17":{"start":{"line":20,"column":14},"end":{"line":20,"column":34}},"18":{"start":{"line":21,"column":6},"end":{"line":37,"column":9}},"19":{"start":{"line":22,"column":7},"end":{"line":22,"column":36}},"20":{"start":{"line":22,"column":15},"end":{"line":22,"column":35}},"21":{"start":{"line":23,"column":7},"end":{"line":36,"column":10}},"22":{"start":{"line":24,"column":8},"end":{"line":24,"column":37}},"23":{"start":{"line":24,"column":16},"end":{"line":24,"column":36}},"24":{"start":{"line":25,"column":8},"end":{"line":35,"column":11}},"25":{"start":{"line":26,"column":9},"end":{"line":26,"column":38}},"26":{"start":{"line":26,"column":17},"end":{"line":26,"column":37}},"27":{"start":{"line":27,"column":9},"end":{"line":34,"column":12}},"28":{"start":{"line":46,"column":0},"end":{"line":58,"column":3}},"29":{"start":{"line":47,"column":1},"end":{"line":57,"column":2}},"30":{"start":{"line":48,"column":2},"end":{"line":51,"column":5}},"31":{"start":{"line":49,"column":3},"end":{"line":49,"column":36}},"32":{"start":{"line":49,"column":14},"end":{"line":49,"column":34}},"33":{"start":{"line":50,"column":3},"end":{"line":50,"column":53}},"34":{"start":{"line":53,"column":2},"end":{"line":56,"column":5}},"35":{"start":{"line":54,"column":3},"end":{"line":54,"column":36}},"36":{"start":{"line":54,"column":14},"end":{"line":54,"column":34}},"37":{"start":{"line":55,"column":3},"end":{"line":55,"column":45}},"38":{"start":{"line":61,"column":0},"end":{"line":73,"column":3}},"39":{"start":{"line":62,"column":1},"end":{"line":72,"column":2}},"40":{"start":{"line":63,"column":2},"end":{"line":66,"column":5}},"41":{"start":{"line":64,"column":3},"end":{"line":64,"column":36}},"42":{"start":{"line":64,"column":14},"end":{"line":64,"column":34}},"43":{"start":{"line":65,"column":3},"end":{"line":65,"column":65}},"44":{"start":{"line":68,"column":2},"end":{"line":71,"column":5}},"45":{"start":{"line":69,"column":3},"end":{"line":69,"column":36}},"46":{"start":{"line":69,"column":14},"end":{"line":69,"column":34}},"47":{"start":{"line":70,"column":3},"end":{"line":70,"column":57}},"48":{"start":{"line":76,"column":0},"end":{"line":94,"column":3}},"49":{"start":{"line":77,"column":1},"end":{"line":93,"column":2}},"50":{"start":{"line":78,"column":2},"end":{"line":84,"column":5}},"51":{"start":{"line":79,"column":3},"end":{"line":79,"column":32}},"52":{"start":{"line":79,"column":11},"end":{"line":79,"column":31}},"53":{"start":{"line":80,"column":3},"end":{"line":83,"column":6}},"54":{"start":{"line":81,"column":4},"end":{"line":81,"column":33}},"55":{"start":{"line":81,"column":12},"end":{"line":81,"column":32}},"56":{"start":{"line":82,"column":4},"end":{"line":82,"column":87}},"57":{"start":{"line":86,"column":2},"end":{"line":92,"column":5}},"58":{"start":{"line":87,"column":3},"end":{"line":87,"column":36}},"59":{"start":{"line":87,"column":14},"end":{"line":87,"column":34}},"60":{"start":{"line":88,"column":3},"end":{"line":91,"column":6}},"61":{"start":{"line":89,"column":4},"end":{"line":89,"column":33}},"62":{"start":{"line":89,"column":12},"end":{"line":89,"column":32}},"63":{"start":{"line":90,"column":4},"end":{"line":90,"column":71}},"64":{"start":{"line":96,"column":0},"end":{"line":96,"column":24}}},"branchMap":{"1":{"line":12,"type":"if","locations":[{"start":{"line":12,"column":2},"end":{"line":12,"column":2}},{"start":{"line":12,"column":2},"end":{"line":12,"column":2}}]},"2":{"line":14,"type":"if","locations":[{"start":{"line":14,"column":3},"end":{"line":14,"column":3}},{"start":{"line":14,"column":3},"end":{"line":14,"column":3}}]},"3":{"line":16,"type":"if","locations":[{"start":{"line":16,"column":4},"end":{"line":16,"column":4}},{"start":{"line":16,"column":4},"end":{"line":16,"column":4}}]},"4":{"line":18,"type":"if","locations":[{"start":{"line":18,"column":5},"end":{"line":18,"column":5}},{"start":{"line":18,"column":5},"end":{"line":18,"column":5}}]},"5":{"line":20,"type":"if","locations":[{"start":{"line":20,"column":6},"end":{"line":20,"column":6}},{"start":{"line":20,"column":6},"end":{"line":20,"column":6}}]},"6":{"line":22,"type":"if","locations":[{"start":{"line":22,"column":7},"end":{"line":22,"column":7}},{"start":{"line":22,"column":7},"end":{"line":22,"column":7}}]},"7":{"line":24,"type":"if","locations":[{"start":{"line":24,"column":8},"end":{"line":24,"column":8}},{"start":{"line":24,"column":8},"end":{"line":24,"column":8}}]},"8":{"line":26,"type":"if","locations":[{"start":{"line":26,"column":9},"end":{"line":26,"column":9}},{"start":{"line":26,"column":9},"end":{"line":26,"column":9}}]},"9":{"line":47,"type":"if","locations":[{"start":{"line":47,"column":1},"end":{"line":47,"column":1}},{"start":{"line":47,"column":1},"end":{"line":47,"column":1}}]},"10":{"line":49,"type":"if","locations":[{"start":{"line":49,"column":3},"end":{"line":49,"column":3}},{"start":{"line":49,"column":3},"end":{"line":49,"column":3}}]},"11":{"line":54,"type":"if","locations":[{"start":{"line":54,"column":3},"end":{"line":54,"column":3}},{"start":{"line":54,"column":3},"end":{"line":54,"column":3}}]},"12":{"line":62,"type":"if","locations":[{"start":{"line":62,"column":1},"end":{"line":62,"column":1}},{"start":{"line":62,"column":1},"end":{"line":62,"column":1}}]},"13":{"line":64,"type":"if","locations":[{"start":{"line":64,"column":3},"end":{"line":64,"column":3}},{"start":{"line":64,"column":3},"end":{"line":64,"column":3}}]},"14":{"line":69,"type":"if","locations":[{"start":{"line":69,"column":3},"end":{"line":69,"column":3}},{"start":{"line":69,"column":3},"end":{"line":69,"column":3}}]},"15":{"line":77,"type":"if","locations":[{"start":{"line":77,"column":1},"end":{"line":77,"column":1}},{"start":{"line":77,"column":1},"end":{"line":77,"column":1}}]},"16":{"line":79,"type":"if","locations":[{"start":{"line":79,"column":3},"end":{"line":79,"column":3}},{"start":{"line":79,"column":3},"end":{"line":79,"column":3}}]},"17":{"line":81,"type":"if","locations":[{"start":{"line":81,"column":4},"end":{"line":81,"column":4}},{"start":{"line":81,"column":4},"end":{"line":81,"column":4}}]},"18":{"line":87,"type":"if","locations":[{"start":{"line":87,"column":3},"end":{"line":87,"column":3}},{"start":{"line":87,"column":3},"end":{"line":87,"column":3}}]},"19":{"line":89,"type":"if","locations":[{"start":{"line":89,"column":4},"end":{"line":89,"column":4}},{"start":{"line":89,"column":4},"end":{"line":89,"column":4}}]}}},"/home/bruno/LDSO/routes/account.js":{"path":"/home/bruno/LDSO/routes/account.js","s":{"1":1,"2":1,"3":0,"4":0,"5":0,"6":0,"7":0,"8":0,"9":0,"10":0,"11":0,"12":0,"13":0,"14":0,"15":0,"16":0,"17":0,"18":1,"19":1},"b":{"1":[0,0],"2":[0,0],"3":[0,0],"4":[0,0],"5":[0,0]},"f":{"1":0,"2":0,"3":0,"4":0,"5":0},"fnMap":{"1":{"name":"(anonymous_1)","line":9,"loc":{"start":{"line":9,"column":16},"end":{"line":9,"column":42}}},"2":{"name":"(anonymous_2)","line":13,"loc":{"start":{"line":13,"column":36},"end":{"line":13,"column":57}}},"3":{"name":"(anonymous_3)","line":20,"loc":{"start":{"line":20,"column":67},"end":{"line":20,"column":95}}},"4":{"name":"(anonymous_4)","line":22,"loc":{"start":{"line":22,"column":56},"end":{"line":22,"column":82}}},"5":{"name":"(anonymous_5)","line":41,"loc":{"start":{"line":41,"column":28},"end":{"line":41,"column":54}}}},"statementMap":{"1":{"start":{"line":1,"column":0},"end":{"line":5,"column":27}},"2":{"start":{"line":9,"column":0},"end":{"line":36,"column":3}},"3":{"start":{"line":10,"column":1},"end":{"line":35,"column":2}},"4":{"start":{"line":11,"column":2},"end":{"line":11,"column":20}},"5":{"start":{"line":13,"column":2},"end":{"line":31,"column":5}},"6":{"start":{"line":14,"column":3},"end":{"line":30,"column":4}},"7":{"start":{"line":15,"column":4},"end":{"line":15,"column":14}},"8":{"start":{"line":17,"column":4},"end":{"line":29,"column":5}},"9":{"start":{"line":18,"column":5},"end":{"line":18,"column":25}},"10":{"start":{"line":20,"column":5},"end":{"line":28,"column":8}},"11":{"start":{"line":21,"column":6},"end":{"line":27,"column":7}},"12":{"start":{"line":21,"column":17},"end":{"line":21,"column":27}},"13":{"start":{"line":22,"column":7},"end":{"line":26,"column":10}},"14":{"start":{"line":23,"column":8},"end":{"line":25,"column":9}},"15":{"start":{"line":23,"column":19},"end":{"line":23,"column":29}},"16":{"start":{"line":24,"column":9},"end":{"line":24,"column":133}},"17":{"start":{"line":34,"column":2},"end":{"line":34,"column":12}},"18":{"start":{"line":41,"column":0},"end":{"line":44,"column":3}},"19":{"start":{"line":46,"column":0},"end":{"line":46,"column":24}}},"branchMap":{"1":{"line":10,"type":"if","locations":[{"start":{"line":10,"column":1},"end":{"line":10,"column":1}},{"start":{"line":10,"column":1},"end":{"line":10,"column":1}}]},"2":{"line":14,"type":"if","locations":[{"start":{"line":14,"column":3},"end":{"line":14,"column":3}},{"start":{"line":14,"column":3},"end":{"line":14,"column":3}}]},"3":{"line":17,"type":"if","locations":[{"start":{"line":17,"column":4},"end":{"line":17,"column":4}},{"start":{"line":17,"column":4},"end":{"line":17,"column":4}}]},"4":{"line":21,"type":"if","locations":[{"start":{"line":21,"column":6},"end":{"line":21,"column":6}},{"start":{"line":21,"column":6},"end":{"line":21,"column":6}}]},"5":{"line":23,"type":"if","locations":[{"start":{"line":23,"column":8},"end":{"line":23,"column":8}},{"start":{"line":23,"column":8},"end":{"line":23,"column":8}}]}}}}